#
# There is insufficient memory for the Java Runtime Environment to continue.
# Native memory allocation (malloc) failed to allocate 507072 bytes. Error detail: Chunk::new
# Possible reasons:
#   The system is out of physical RAM or swap space
#   This process is running with CompressedOops enabled, and the Java Heap may be blocking the growth of the native heap
# Possible solutions:
#   Reduce memory load on the system
#   Increase physical memory or swap space
#   Check if swap backing store is full
#   Decrease Java heap size (-Xmx/-Xms)
#   Decrease number of Java threads
#   Decrease Java thread stack sizes (-Xss)
#   Set larger code cache with -XX:ReservedCodeCacheSize=
#   JVM is running with Unscaled Compressed Oops mode in which the Java heap is
#     placed in the first 4GB address space. The Java Heap base address is the
#     maximum limit for the native heap growth. Please use -XX:HeapBaseMinAddress
#     to set the Java Heap base and to place the Java Heap above 4GB virtual address.
# This output file may be truncated or incomplete.
#
#  Out of Memory Error (arena.cpp:168), pid=21868, tid=16432
#
# JRE version: OpenJDK Runtime Environment Temurin-21.0.7+6 (21.0.7+6) (build 21.0.7+6-LTS)
# Java VM: OpenJDK 64-Bit Server VM Temurin-21.0.7+6 (21.0.7+6-LTS, mixed mode, sharing, tiered, compressed oops, compressed class ptrs, g1 gc, windows-amd64)
# No core dump will be written. Minidumps are not enabled by default on client versions of Windows
#

---------------  S U M M A R Y ------------

Command Line: -ea -Dfile.encoding=UTF-8 -Dstdout.encoding=UTF-8 -Dstderr.encoding=UTF-8 -XX:+ShowCodeDetailsInExceptionMessages org.testng.remote.RemoteTestNG -serport 11773 -protocol json -d D:\New_Script\Sprint-2\Sprint_2\test-output C:\Users\DELL\AppData\Local\Temp\testng-eclipse--1848944290\testng-customsuite.xml

Host: 11th Gen Intel(R) Core(TM) i3-1115G4 @ 3.00GHz, 4 cores, 7G,  Windows 11 , 64 bit Build 26100 (10.0.26100.4768)
Time: Tue Aug  5 14:40:52 2025 India Standard Time elapsed time: 519.915161 seconds (0d 0h 8m 39s)

---------------  T H R E A D  ---------------

Current thread (0x00000181a6916b20):  JavaThread "C2 CompilerThread0" daemon [_thread_in_native, id=16432, stack(0x0000001f3c800000,0x0000001f3c900000) (1024K)]


Current CompileTask:
C2:519915 7042       4       java.lang.String::split (242 bytes)

Stack: [0x0000001f3c800000,0x0000001f3c900000]
Native frames: (J=compiled Java code, j=interpreted, Vv=VM code, C=native code)
V  [jvm.dll+0x6ce119]
V  [jvm.dll+0x8a84a1]
V  [jvm.dll+0x8aa9ce]
V  [jvm.dll+0x8ab0b3]
V  [jvm.dll+0x27f8a6]
V  [jvm.dll+0xc507d]
V  [jvm.dll+0xc55b3]
V  [jvm.dll+0x3b692c]
V  [jvm.dll+0x382aa5]
V  [jvm.dll+0x381f0a]
V  [jvm.dll+0x247af0]
V  [jvm.dll+0x2470cf]
V  [jvm.dll+0x1c760e]
V  [jvm.dll+0x25695a]
V  [jvm.dll+0x254efa]
V  [jvm.dll+0x3f03f6]
V  [jvm.dll+0x851f6b]
V  [jvm.dll+0x6cc7dd]
C  [ucrtbase.dll+0x37b0]
C  [KERNEL32.DLL+0x2e8d7]
C  [ntdll.dll+0x3c34c]


---------------  P R O C E S S  ---------------

Threads class SMR info:
_java_thread_list=0x00000181ed544480, length=116, elements={
0x000001818d0978d0, 0x00000181a68fb010, 0x00000181a6900f30, 0x00000181a6906010,
0x00000181a6906a60, 0x00000181a6909980, 0x00000181a690c820, 0x00000181a6916b20,
0x00000181a6917f90, 0x00000181a6b3bb20, 0x00000181a6b51f30, 0x00000181ec7e1100,
0x00000181ed64d7b0, 0x00000181ed208010, 0x00000181ed208670, 0x00000181ed208cd0,
0x00000181ee882a00, 0x00000181ee882370, 0x00000181ee880fc0, 0x00000181ec810dd0,
0x00000181ec813530, 0x00000181ec812810, 0x00000181ec811460, 0x00000181ec814f70,
0x00000181ec8148e0, 0x00000181ec812ea0, 0x00000181ec8169b0, 0x00000181ec817040,
0x00000181ee8c3070, 0x00000181ee8c0280, 0x00000181ee8c3d90, 0x00000181ee8c1630,
0x00000181ee8c5140, 0x00000181ee8c1cc0, 0x00000181ee8c6b80, 0x00000181ee8c5e60,
0x00000181ee8c64f0, 0x00000181ec8100b0, 0x00000181ec813bc0, 0x00000181ec810740,
0x00000181ec811af0, 0x00000181ee8c0910, 0x00000181ee8c29e0, 0x00000181ee8c4420,
0x00000181ee881ce0, 0x00000181ec71fa50, 0x00000181ec720e00, 0x00000181ec71f3c0,
0x00000181ec71e6a0, 0x00000181ec720770, 0x00000181ec723bf0, 0x00000181ec722840,
0x00000181ec724fa0, 0x00000181ee8c4ab0, 0x00000181ee8c57d0, 0x00000181ee8c2350,
0x00000181ee881650, 0x00000181ec724910, 0x00000181ec816320, 0x00000181ee5196e0,
0x00000181ee51b7b0, 0x00000181ee519d70, 0x00000181ee51a400, 0x00000181ee51df10,
0x00000181ee51e5a0, 0x00000181ee520670, 0x00000181ec7200e0, 0x00000181ec721490,
0x00000181ec724280, 0x00000181ec725630, 0x00000181ec722ed0, 0x00000181ee8c3700,
0x00000181ee8c7210, 0x00000181ee8c78a0, 0x00000181ee51d1f0, 0x00000181ee883720,
0x00000181ee8802a0, 0x00000181ed618f60, 0x00000181ed6195f0, 0x00000181ed618240,
0x00000181ed6188d0, 0x00000181ed617520, 0x00000181ed61b6c0, 0x00000181ed61bd50,
0x00000181ed61ca70, 0x00000181ed61c3e0, 0x00000181ed619c80, 0x00000181ed61d790,
0x00000181ee51aa90, 0x00000181ee51b120, 0x00000181ee51cb60, 0x00000181ee51c4d0,
0x00000181ee51f2c0, 0x00000181ee51ec30, 0x00000181ec721b20, 0x00000181ec7221b0,
0x00000181ec71ed30, 0x00000181ec723560, 0x00000181ed61d100, 0x00000181ed61de20,
0x00000181ed61a9a0, 0x00000181ed61e4b0, 0x00000181ec814250, 0x00000181ee519050,
0x00000181ee51be40, 0x00000181ee51f950, 0x00000181ee8c0fa0, 0x00000181ee880930,
0x00000181ee51ffe0, 0x00000181ee51d880, 0x00000181ec71e010, 0x00000181ee521070,
0x00000181ee522420, 0x00000181ee521700, 0x00000181ee522ab0, 0x00000181ee523140
}

Java Threads: ( => current thread )
  0x000001818d0978d0 JavaThread "Forwarding newSession on session null to remote"        [_thread_blocked, id=13332, stack(0x0000001f3ba00000,0x0000001f3bb00000) (1024K)]
  0x00000181a68fb010 JavaThread "Reference Handler"          daemon [_thread_blocked, id=27092, stack(0x0000001f3c200000,0x0000001f3c300000) (1024K)]
  0x00000181a6900f30 JavaThread "Finalizer"                  daemon [_thread_blocked, id=12020, stack(0x0000001f3c300000,0x0000001f3c400000) (1024K)]
  0x00000181a6906010 JavaThread "Signal Dispatcher"          daemon [_thread_blocked, id=31424, stack(0x0000001f3c400000,0x0000001f3c500000) (1024K)]
  0x00000181a6906a60 JavaThread "Attach Listener"            daemon [_thread_blocked, id=18368, stack(0x0000001f3c500000,0x0000001f3c600000) (1024K)]
  0x00000181a6909980 JavaThread "Service Thread"             daemon [_thread_blocked, id=23160, stack(0x0000001f3c600000,0x0000001f3c700000) (1024K)]
  0x00000181a690c820 JavaThread "Monitor Deflation Thread"   daemon [_thread_blocked, id=12988, stack(0x0000001f3c700000,0x0000001f3c800000) (1024K)]
=>0x00000181a6916b20 JavaThread "C2 CompilerThread0"         daemon [_thread_in_native, id=16432, stack(0x0000001f3c800000,0x0000001f3c900000) (1024K)]
  0x00000181a6917f90 JavaThread "C1 CompilerThread0"         daemon [_thread_blocked, id=21852, stack(0x0000001f3c900000,0x0000001f3ca00000) (1024K)]
  0x00000181a6b3bb20 JavaThread "Notification Thread"        daemon [_thread_blocked, id=18188, stack(0x0000001f3ca00000,0x0000001f3cb00000) (1024K)]
  0x00000181a6b51f30 JavaThread "Common-Cleaner"             daemon [_thread_blocked, id=26996, stack(0x0000001f3cb00000,0x0000001f3cc00000) (1024K)]
  0x00000181ec7e1100 JavaThread "ReaderThread"                      [_thread_in_native, id=6548, stack(0x0000001f3d000000,0x0000001f3d100000) (1024K)]
  0x00000181ed64d7b0 JavaThread "ForkJoinPool.commonPool-worker-1" daemon [_thread_blocked, id=30000, stack(0x0000001f3d200000,0x0000001f3d300000) (1024K)]
  0x00000181ed208010 JavaThread "External Process Output Forwarder - C:\Users\DELL\Downloads\geckodriver-v0.36.0-win64\geckodriver.exe" daemon [_thread_in_native, id=16360, stack(0x0000001f3d400000,0x0000001f3d500000) (1024K)]
  0x00000181ed208670 JavaThread "Driver Service Executor"    daemon [_thread_blocked, id=29192, stack(0x0000001f3d500000,0x0000001f3d600000) (1024K)]
  0x00000181ed208cd0 JavaThread "Driver Service Executor"    daemon [_thread_blocked, id=25196, stack(0x0000001f3d600000,0x0000001f3d700000) (1024K)]
  0x00000181ee882a00 JavaThread "External Process Output Forwarder - C:\Users\DELL\Downloads\geckodriver-v0.36.0-win64\geckodriver.exe" daemon [_thread_in_native, id=14360, stack(0x0000001f3da00000,0x0000001f3db00000) (1024K)]
  0x00000181ee882370 JavaThread "Driver Service Executor"    daemon [_thread_blocked, id=2028, stack(0x0000001f3db00000,0x0000001f3dc00000) (1024K)]
  0x00000181ee880fc0 JavaThread "Driver Service Executor"    daemon [_thread_blocked, id=19808, stack(0x0000001f3dc00000,0x0000001f3dd00000) (1024K)]
  0x00000181ec810dd0 JavaThread "External Process Output Forwarder - C:\Users\DELL\Downloads\geckodriver-v0.36.0-win64\geckodriver.exe" daemon [_thread_in_native, id=15192, stack(0x0000001f3e200000,0x0000001f3e300000) (1024K)]
  0x00000181ec813530 JavaThread "Driver Service Executor"    daemon [_thread_blocked, id=29416, stack(0x0000001f3e300000,0x0000001f3e400000) (1024K)]
  0x00000181ec812810 JavaThread "Driver Service Executor"    daemon [_thread_blocked, id=30588, stack(0x0000001f3e400000,0x0000001f3e500000) (1024K)]
  0x00000181ec811460 JavaThread "External Process Output Forwarder - C:\Users\DELL\Downloads\geckodriver-v0.36.0-win64\geckodriver.exe" daemon [_thread_in_native, id=21132, stack(0x0000001f3e900000,0x0000001f3ea00000) (1024K)]
  0x00000181ec814f70 JavaThread "Driver Service Executor"    daemon [_thread_blocked, id=30896, stack(0x0000001f3ea00000,0x0000001f3eb00000) (1024K)]
  0x00000181ec8148e0 JavaThread "Driver Service Executor"    daemon [_thread_blocked, id=31408, stack(0x0000001f3eb00000,0x0000001f3ec00000) (1024K)]
  0x00000181ec812ea0 JavaThread "External Process Output Forwarder - C:\Users\DELL\Downloads\geckodriver-v0.36.0-win64\geckodriver.exe" daemon [_thread_in_native, id=23084, stack(0x0000001f3f100000,0x0000001f3f200000) (1024K)]
  0x00000181ec8169b0 JavaThread "Driver Service Executor"    daemon [_thread_blocked, id=26724, stack(0x0000001f3f200000,0x0000001f3f300000) (1024K)]
  0x00000181ec817040 JavaThread "Driver Service Executor"    daemon [_thread_blocked, id=11112, stack(0x0000001f3f300000,0x0000001f3f400000) (1024K)]
  0x00000181ee8c3070 JavaThread "External Process Output Forwarder - C:\Users\DELL\Downloads\geckodriver-v0.36.0-win64\geckodriver.exe" daemon [_thread_in_native, id=27616, stack(0x0000001f3f700000,0x0000001f3f800000) (1024K)]
  0x00000181ee8c0280 JavaThread "Driver Service Executor"    daemon [_thread_blocked, id=26656, stack(0x0000001f3f800000,0x0000001f3f900000) (1024K)]
  0x00000181ee8c3d90 JavaThread "Driver Service Executor"    daemon [_thread_blocked, id=996, stack(0x0000001f3f900000,0x0000001f3fa00000) (1024K)]
  0x00000181ee8c1630 JavaThread "External Process Output Forwarder - C:\Users\DELL\Downloads\geckodriver-v0.36.0-win64\geckodriver.exe" daemon [_thread_in_native, id=24340, stack(0x0000001f3b800000,0x0000001f3b900000) (1024K)]
  0x00000181ee8c5140 JavaThread "Driver Service Executor"    daemon [_thread_blocked, id=27524, stack(0x0000001f3b900000,0x0000001f3ba00000) (1024K)]
  0x00000181ee8c1cc0 JavaThread "Driver Service Executor"    daemon [_thread_blocked, id=30040, stack(0x0000001f3e800000,0x0000001f3e900000) (1024K)]
  0x00000181ee8c6b80 JavaThread "External Process Output Forwarder - C:\Users\DELL\Downloads\geckodriver-v0.36.0-win64\geckodriver.exe" daemon [_thread_in_native, id=30524, stack(0x0000001f3d800000,0x0000001f3d900000) (1024K)]
  0x00000181ee8c5e60 JavaThread "Driver Service Executor"    daemon [_thread_blocked, id=26640, stack(0x0000001f3d900000,0x0000001f3da00000) (1024K)]
  0x00000181ee8c64f0 JavaThread "Driver Service Executor"    daemon [_thread_blocked, id=760, stack(0x0000001f3dd00000,0x0000001f3de00000) (1024K)]
  0x00000181ec8100b0 JavaThread "HttpClient-9-SelectorManager" daemon [_thread_in_native, id=27512, stack(0x0000001f3e600000,0x0000001f3e700000) (1024K)]
  0x00000181ec813bc0 JavaThread "External Process Output Forwarder - C:\Users\DELL\Downloads\geckodriver-v0.36.0-win64\geckodriver.exe" daemon [_thread_in_native, id=30656, stack(0x0000001f3e700000,0x0000001f3e800000) (1024K)]
  0x00000181ec810740 JavaThread "Driver Service Executor"    daemon [_thread_blocked, id=30760, stack(0x0000001f3ec00000,0x0000001f3ed00000) (1024K)]
  0x00000181ec811af0 JavaThread "Driver Service Executor"    daemon [_thread_blocked, id=4800, stack(0x0000001f3ed00000,0x0000001f3ee00000) (1024K)]
  0x00000181ee8c0910 JavaThread "External Process Output Forwarder - C:\Users\DELL\Downloads\geckodriver-v0.36.0-win64\geckodriver.exe" daemon [_thread_in_native, id=29672, stack(0x0000001f3d300000,0x0000001f3d400000) (1024K)]
  0x00000181ee8c29e0 JavaThread "Driver Service Executor"    daemon [_thread_blocked, id=16024, stack(0x0000001f3d700000,0x0000001f3d800000) (1024K)]
  0x00000181ee8c4420 JavaThread "Driver Service Executor"    daemon [_thread_blocked, id=23484, stack(0x0000001f3f400000,0x0000001f3f500000) (1024K)]
  0x00000181ee881ce0 JavaThread "External Process Output Forwarder - C:\Users\DELL\Downloads\geckodriver-v0.36.0-win64\geckodriver.exe" daemon [_thread_in_native, id=6288, stack(0x0000001f3e100000,0x0000001f3e200000) (1024K)]
  0x00000181ec71fa50 JavaThread "Driver Service Executor"    daemon [_thread_blocked, id=27556, stack(0x0000001f3fb00000,0x0000001f3fc00000) (1024K)]
  0x00000181ec720e00 JavaThread "Driver Service Executor"    daemon [_thread_blocked, id=26496, stack(0x0000001f3fc00000,0x0000001f3fd00000) (1024K)]
  0x00000181ec71f3c0 JavaThread "External Process Output Forwarder - C:\Users\DELL\Downloads\geckodriver-v0.36.0-win64\geckodriver.exe" daemon [_thread_in_native, id=20816, stack(0x0000001f3fe00000,0x0000001f3ff00000) (1024K)]
  0x00000181ec71e6a0 JavaThread "Driver Service Executor"    daemon [_thread_blocked, id=28976, stack(0x0000001f40200000,0x0000001f40300000) (1024K)]
  0x00000181ec720770 JavaThread "Driver Service Executor"    daemon [_thread_blocked, id=7012, stack(0x0000001f40300000,0x0000001f40400000) (1024K)]
  0x00000181ec723bf0 JavaThread "External Process Output Forwarder - C:\Users\DELL\Downloads\geckodriver-v0.36.0-win64\geckodriver.exe" daemon [_thread_in_native, id=32232, stack(0x0000001f3d100000,0x0000001f3d200000) (1024K)]
  0x00000181ec722840 JavaThread "Driver Service Executor"    daemon [_thread_blocked, id=32236, stack(0x0000001f3de00000,0x0000001f3df00000) (1024K)]
  0x00000181ec724fa0 JavaThread "Driver Service Executor"    daemon [_thread_blocked, id=32240, stack(0x0000001f40700000,0x0000001f40800000) (1024K)]
  0x00000181ee8c4ab0 JavaThread "External Process Output Forwarder - C:\Users\DELL\Downloads\geckodriver-v0.36.0-win64\geckodriver.exe" daemon [_thread_in_native, id=33156, stack(0x0000001f3e500000,0x0000001f3e600000) (1024K)]
  0x00000181ee8c57d0 JavaThread "Driver Service Executor"    daemon [_thread_blocked, id=33160, stack(0x0000001f3fd00000,0x0000001f3fe00000) (1024K)]
  0x00000181ee8c2350 JavaThread "Driver Service Executor"    daemon [_thread_blocked, id=33164, stack(0x0000001f40a00000,0x0000001f40b00000) (1024K)]
  0x00000181ee881650 JavaThread "External Process Output Forwarder - C:\Users\DELL\Downloads\geckodriver-v0.36.0-win64\geckodriver.exe" daemon [_thread_in_native, id=34080, stack(0x0000001f40e00000,0x0000001f40f00000) (1024K)]
  0x00000181ec724910 JavaThread "Driver Service Executor"    daemon [_thread_blocked, id=34084, stack(0x0000001f40f00000,0x0000001f41000000) (1024K)]
  0x00000181ec816320 JavaThread "Driver Service Executor"    daemon [_thread_blocked, id=34088, stack(0x0000001f41000000,0x0000001f41100000) (1024K)]
  0x00000181ee5196e0 JavaThread "External Process Output Forwarder - C:\Users\DELL\Downloads\geckodriver-v0.36.0-win64\geckodriver.exe" daemon [_thread_in_native, id=32452, stack(0x0000001f3ff00000,0x0000001f40000000) (1024K)]
  0x00000181ee51b7b0 JavaThread "Driver Service Executor"    daemon [_thread_blocked, id=936, stack(0x0000001f41300000,0x0000001f41400000) (1024K)]
  0x00000181ee519d70 JavaThread "Driver Service Executor"    daemon [_thread_blocked, id=22820, stack(0x0000001f41400000,0x0000001f41500000) (1024K)]
  0x00000181ee51a400 JavaThread "External Process Output Forwarder - C:\Users\DELL\Downloads\geckodriver-v0.36.0-win64\geckodriver.exe" daemon [_thread_in_native, id=33424, stack(0x0000001f3f500000,0x0000001f3f600000) (1024K)]
  0x00000181ee51df10 JavaThread "Driver Service Executor"    daemon [_thread_blocked, id=35388, stack(0x0000001f3f600000,0x0000001f3f700000) (1024K)]
  0x00000181ee51e5a0 JavaThread "Driver Service Executor"    daemon [_thread_blocked, id=35064, stack(0x0000001f3fa00000,0x0000001f3fb00000) (1024K)]
  0x00000181ee520670 JavaThread "External Process Output Forwarder - C:\Users\DELL\Downloads\geckodriver-v0.36.0-win64\geckodriver.exe" daemon [_thread_in_native, id=18060, stack(0x0000001f40600000,0x0000001f40700000) (1024K)]
  0x00000181ec7200e0 JavaThread "Driver Service Executor"    daemon [_thread_blocked, id=31668, stack(0x0000001f41800000,0x0000001f41900000) (1024K)]
  0x00000181ec721490 JavaThread "Driver Service Executor"    daemon [_thread_blocked, id=34600, stack(0x0000001f41900000,0x0000001f41a00000) (1024K)]
  0x00000181ec724280 JavaThread "External Process Output Forwarder - C:\Users\DELL\Downloads\geckodriver-v0.36.0-win64\geckodriver.exe" daemon [_thread_in_native, id=19516, stack(0x0000001f40900000,0x0000001f40a00000) (1024K)]
  0x00000181ec725630 JavaThread "Driver Service Executor"    daemon [_thread_blocked, id=36620, stack(0x0000001f41c00000,0x0000001f41d00000) (1024K)]
  0x00000181ec722ed0 JavaThread "Driver Service Executor"    daemon [_thread_blocked, id=37808, stack(0x0000001f41d00000,0x0000001f41e00000) (1024K)]
  0x00000181ee8c3700 JavaThread "External Process Output Forwarder - C:\Users\DELL\Downloads\geckodriver-v0.36.0-win64\geckodriver.exe" daemon [_thread_in_native, id=32456, stack(0x0000001f40d00000,0x0000001f40e00000) (1024K)]
  0x00000181ee8c7210 JavaThread "Driver Service Executor"    daemon [_thread_blocked, id=17724, stack(0x0000001f41100000,0x0000001f41200000) (1024K)]
  0x00000181ee8c78a0 JavaThread "Driver Service Executor"    daemon [_thread_blocked, id=34096, stack(0x0000001f41200000,0x0000001f41300000) (1024K)]
  0x00000181ee51d1f0 JavaThread "HttpClient-21-SelectorManager" daemon [_thread_in_native, id=14380, stack(0x0000001f41700000,0x0000001f41800000) (1024K)]
  0x00000181ee883720 JavaThread "External Process Output Forwarder - C:\Users\DELL\Downloads\geckodriver-v0.36.0-win64\geckodriver.exe" daemon [_thread_in_native, id=39492, stack(0x0000001f42200000,0x0000001f42300000) (1024K)]
  0x00000181ee8802a0 JavaThread "Driver Service Executor"    daemon [_thread_blocked, id=35260, stack(0x0000001f42300000,0x0000001f42400000) (1024K)]
  0x00000181ed618f60 JavaThread "Driver Service Executor"    daemon [_thread_blocked, id=37644, stack(0x0000001f42400000,0x0000001f42500000) (1024K)]
  0x00000181ed6195f0 JavaThread "HttpClient-22-SelectorManager" daemon [_thread_in_native, id=2668, stack(0x0000001f3b700000,0x0000001f3b800000) (1024K)]
  0x00000181ed618240 JavaThread "External Process Output Forwarder - C:\Users\DELL\Downloads\geckodriver-v0.36.0-win64\geckodriver.exe" daemon [_thread_in_native, id=38256, stack(0x0000001f3e000000,0x0000001f3e100000) (1024K)]
  0x00000181ed6188d0 JavaThread "Driver Service Executor"    daemon [_thread_blocked, id=36332, stack(0x0000001f3ef00000,0x0000001f3f000000) (1024K)]
  0x00000181ed617520 JavaThread "Driver Service Executor"    daemon [_thread_blocked, id=22144, stack(0x0000001f3f000000,0x0000001f3f100000) (1024K)]
  0x00000181ed61b6c0 JavaThread "HttpClient-23-SelectorManager" daemon [_thread_in_native, id=35208, stack(0x0000001f40400000,0x0000001f40500000) (1024K)]
  0x00000181ed61bd50 JavaThread "External Process Output Forwarder - C:\Users\DELL\Downloads\geckodriver-v0.36.0-win64\geckodriver.exe" daemon [_thread_in_native, id=20936, stack(0x0000001f40500000,0x0000001f40600000) (1024K)]
  0x00000181ed61ca70 JavaThread "Driver Service Executor"    daemon [_thread_blocked, id=26688, stack(0x0000001f40800000,0x0000001f40900000) (1024K)]
  0x00000181ed61c3e0 JavaThread "Driver Service Executor"    daemon [_thread_blocked, id=36816, stack(0x0000001f40b00000,0x0000001f40c00000) (1024K)]
  0x00000181ed619c80 JavaThread "HttpClient-24-SelectorManager" daemon [_thread_in_native, id=1992, stack(0x0000001f41a00000,0x0000001f41b00000) (1024K)]
  0x00000181ed61d790 JavaThread "External Process Output Forwarder - C:\Users\DELL\Downloads\geckodriver-v0.36.0-win64\geckodriver.exe" daemon [_thread_in_native, id=29144, stack(0x0000001f41b00000,0x0000001f41c00000) (1024K)]
  0x00000181ee51aa90 JavaThread "Driver Service Executor"    daemon [_thread_blocked, id=34236, stack(0x0000001f41e00000,0x0000001f41f00000) (1024K)]
  0x00000181ee51b120 JavaThread "Driver Service Executor"    daemon [_thread_blocked, id=36260, stack(0x0000001f41f00000,0x0000001f42000000) (1024K)]
  0x00000181ee51cb60 JavaThread "HttpClient-25-SelectorManager" daemon [_thread_in_native, id=37796, stack(0x0000001f42600000,0x0000001f42700000) (1024K)]
  0x00000181ee51c4d0 JavaThread "External Process Output Forwarder - C:\Users\DELL\Downloads\geckodriver-v0.36.0-win64\geckodriver.exe" daemon [_thread_in_native, id=20620, stack(0x0000001f42700000,0x0000001f42800000) (1024K)]
  0x00000181ee51f2c0 JavaThread "Driver Service Executor"    daemon [_thread_blocked, id=30216, stack(0x0000001f42800000,0x0000001f42900000) (1024K)]
  0x00000181ee51ec30 JavaThread "Driver Service Executor"    daemon [_thread_blocked, id=41860, stack(0x0000001f42900000,0x0000001f42a00000) (1024K)]
  0x00000181ec721b20 JavaThread "HttpClient-26-SelectorManager" daemon [_thread_in_native, id=35620, stack(0x0000001f3ee00000,0x0000001f3ef00000) (1024K)]
  0x00000181ec7221b0 JavaThread "External Process Output Forwarder - C:\Users\DELL\Downloads\geckodriver-v0.36.0-win64\geckodriver.exe" daemon [_thread_in_native, id=19892, stack(0x0000001f40000000,0x0000001f40100000) (1024K)]
  0x00000181ec71ed30 JavaThread "Driver Service Executor"    daemon [_thread_blocked, id=44520, stack(0x0000001f40100000,0x0000001f40200000) (1024K)]
  0x00000181ec723560 JavaThread "Driver Service Executor"    daemon [_thread_blocked, id=43812, stack(0x0000001f40c00000,0x0000001f40d00000) (1024K)]
  0x00000181ed61d100 JavaThread "HttpClient-27-SelectorManager" daemon [_thread_in_native, id=42468, stack(0x0000001f42d00000,0x0000001f42e00000) (1024K)]
  0x00000181ed61de20 JavaThread "External Process Output Forwarder - C:\Users\DELL\Downloads\geckodriver-v0.36.0-win64\geckodriver.exe" daemon [_thread_in_native, id=35416, stack(0x0000001f42e00000,0x0000001f42f00000) (1024K)]
  0x00000181ed61a9a0 JavaThread "Driver Service Executor"    daemon [_thread_blocked, id=42728, stack(0x0000001f42f00000,0x0000001f43000000) (1024K)]
  0x00000181ed61e4b0 JavaThread "Driver Service Executor"    daemon [_thread_blocked, id=43572, stack(0x0000001f43000000,0x0000001f43100000) (1024K)]
  0x00000181ec814250 JavaThread "HttpClient-28-SelectorManager" daemon [_thread_in_native, id=41612, stack(0x0000001f42100000,0x0000001f42200000) (1024K)]
  0x00000181ee519050 JavaThread "External Process Output Forwarder - C:\Users\DELL\Downloads\geckodriver-v0.36.0-win64\geckodriver.exe" daemon [_thread_in_native, id=40580, stack(0x0000001f42500000,0x0000001f42600000) (1024K)]
  0x00000181ee51be40 JavaThread "Driver Service Executor"    daemon [_thread_blocked, id=40548, stack(0x0000001f43300000,0x0000001f43400000) (1024K)]
  0x00000181ee51f950 JavaThread "Driver Service Executor"    daemon [_thread_blocked, id=41556, stack(0x0000001f43400000,0x0000001f43500000) (1024K)]
  0x00000181ee8c0fa0 JavaThread "JdkHttpClient-27-0"         daemon [_thread_blocked, id=39948, stack(0x0000001f43500000,0x0000001f43600000) (1024K)]
  0x00000181ee880930 JavaThread "JdkHttpClient-27-1"         daemon [_thread_blocked, id=41088, stack(0x0000001f43600000,0x0000001f43700000) (1024K)]
  0x00000181ee51ffe0 JavaThread "JdkHttpClient-27-2"         daemon [_thread_blocked, id=25264, stack(0x0000001f3df00000,0x0000001f3e000000) (1024K)]
  0x00000181ee51d880 JavaThread "HttpClient-29-SelectorManager" daemon [_thread_in_vm, id=34064, stack(0x0000001f42a00000,0x0000001f42b00000) (1024K)]
  0x00000181ec71e010 JavaThread "External Process Output Forwarder - C:\Users\DELL\Downloads\geckodriver-v0.36.0-win64\geckodriver.exe" daemon [_thread_in_native, id=30936, stack(0x0000001f42b00000,0x0000001f42c00000) (1024K)]
  0x00000181ee521070 JavaThread "Driver Service Executor"    daemon [_thread_blocked, id=26320, stack(0x0000001f43700000,0x0000001f43800000) (1024K)]
  0x00000181ee522420 JavaThread "Driver Service Executor"    daemon [_thread_blocked, id=30696, stack(0x0000001f43800000,0x0000001f43900000) (1024K)]
  0x00000181ee521700 JavaThread "JdkHttpClient-28-0"         daemon [_thread_blocked, id=43908, stack(0x0000001f43900000,0x0000001f43a00000) (1024K)]
  0x00000181ee522ab0 JavaThread "JdkHttpClient-28-1"         daemon [_thread_blocked, id=37600, stack(0x0000001f43a00000,0x0000001f43b00000) (1024K)]
  0x00000181ee523140 JavaThread "JdkHttpClient-28-2"         daemon [_thread_blocked, id=43868, stack(0x0000001f43b00000,0x0000001f43c00000) (1024K)]
Total: 116

Other Threads:
  0x00000181a68e0670 VMThread "VM Thread"                           [id=14180, stack(0x0000001f3c100000,0x0000001f3c200000) (1024K)]
  0x00000181a68cb190 WatcherThread "VM Periodic Task Thread"        [id=30556, stack(0x0000001f3c000000,0x0000001f3c100000) (1024K)]
  0x000001818f42c570 WorkerThread "GC Thread#0"                     [id=4148, stack(0x0000001f3bb00000,0x0000001f3bc00000) (1024K)]
  0x00000181ec4f6410 WorkerThread "GC Thread#1"                     [id=23492, stack(0x0000001f3cc00000,0x0000001f3cd00000) (1024K)]
  0x00000181ec50d930 WorkerThread "GC Thread#2"                     [id=21032, stack(0x0000001f3cd00000,0x0000001f3ce00000) (1024K)]
  0x00000181ec50dcd0 WorkerThread "GC Thread#3"                     [id=21540, stack(0x0000001f3ce00000,0x0000001f3cf00000) (1024K)]
  0x000001818f43cbe0 ConcurrentGCThread "G1 Main Marker"            [id=1120, stack(0x0000001f3bc00000,0x0000001f3bd00000) (1024K)]
  0x000001818f43d5f0 WorkerThread "G1 Conc#0"                       [id=2244, stack(0x0000001f3bd00000,0x0000001f3be00000) (1024K)]
  0x00000181a67965a0 ConcurrentGCThread "G1 Refine#0"               [id=27876, stack(0x0000001f3be00000,0x0000001f3bf00000) (1024K)]
  0x00000181a6798540 ConcurrentGCThread "G1 Service"                [id=27900, stack(0x0000001f3bf00000,0x0000001f3c000000) (1024K)]
Total: 10

Threads with active compile tasks:
C2 CompilerThread0  519996 7042       4       java.lang.String::split (242 bytes)
Total: 1

VM state: not at safepoint (normal execution)

VM Mutex/Monitor currently owned by a thread: None

OutOfMemory and StackOverflow Exception counts:
OutOfMemoryError java_heap_errors=1
LinkageErrors=104

Heap address: 0x0000000084400000, size: 1980 MB, Compressed Oops mode: 32-bit

CDS archive(s) mapped at: [0x00000181a7000000-0x00000181a7c80000-0x00000181a7c80000), size 13107200, SharedBaseAddress: 0x00000181a7000000, ArchiveRelocationMode: 1.
Compressed class space mapped at: 0x00000181a8000000-0x00000181e8000000, reserved size: 1073741824
Narrow klass base: 0x00000181a7000000, Narrow klass shift: 0, Narrow klass range: 0x100000000

GC Precious Log:
 CardTable entry size: 512
 Card Set container configuration: InlinePtr #cards 5 size 8 Array Of Cards #cards 12 size 40 Howl #buckets 4 coarsen threshold 1843 Howl Bitmap #cards 512 size 80 coarsen threshold 460 Card regions per heap region 1 cards per card region 2048
 CPUs: 4 total, 4 available
 Memory: 7918M
 Large Page Support: Disabled
 NUMA Support: Disabled
 Compressed Oops: Enabled (32-bit)
 Heap Region Size: 1M
 Heap Min Capacity: 8M
 Heap Initial Capacity: 124M
 Heap Max Capacity: 1980M
 Pre-touch: Disabled
 Parallel Workers: 4
 Concurrent Workers: 1
 Concurrent Refinement Workers: 4
 Periodic GC: Disabled

Heap:
 garbage-first heap   total 155648K, used 94496K [0x0000000084400000, 0x0000000100000000)
  region size 1024K, 50 young (51200K), 3 survivors (3072K)
 Metaspace       used 38629K, committed 39168K, reserved 1114112K
  class space    used 4434K, committed 4672K, reserved 1048576K

Heap Regions: E=young(eden), S=young(survivor), O=old, HS=humongous(starts), HC=humongous(continues), CS=collection set, F=free, TAMS=top-at-mark-start, PB=parsable bottom
|   0|0x0000000084400000, 0x0000000084500000, 0x0000000084500000|100%|HS|  |TAMS 0x0000000084400000| PB 0x0000000084400000| Complete 
|   1|0x0000000084500000, 0x0000000084600000, 0x0000000084600000|100%| O|  |TAMS 0x0000000084500000| PB 0x0000000084500000| Untracked 
|   2|0x0000000084600000, 0x0000000084700000, 0x0000000084700000|100%| O|  |TAMS 0x0000000084600000| PB 0x0000000084600000| Untracked 
|   3|0x0000000084700000, 0x0000000084800000, 0x0000000084800000|100%| O|  |TAMS 0x0000000084700000| PB 0x0000000084700000| Untracked 
|   4|0x0000000084800000, 0x0000000084900000, 0x0000000084900000|100%| O|  |TAMS 0x0000000084800000| PB 0x0000000084800000| Untracked 
|   5|0x0000000084900000, 0x0000000084a00000, 0x0000000084a00000|100%| O|  |TAMS 0x0000000084900000| PB 0x0000000084900000| Untracked 
|   6|0x0000000084a00000, 0x0000000084b00000, 0x0000000084b00000|100%| O|  |TAMS 0x0000000084a00000| PB 0x0000000084a00000| Untracked 
|   7|0x0000000084b00000, 0x0000000084c00000, 0x0000000084c00000|100%| O|  |TAMS 0x0000000084b00000| PB 0x0000000084b00000| Untracked 
|   8|0x0000000084c00000, 0x0000000084d00000, 0x0000000084d00000|100%| O|  |TAMS 0x0000000084c00000| PB 0x0000000084c00000| Untracked 
|   9|0x0000000084d00000, 0x0000000084e00000, 0x0000000084e00000|100%| O|  |TAMS 0x0000000084d00000| PB 0x0000000084d00000| Untracked 
|  10|0x0000000084e00000, 0x0000000084f00000, 0x0000000084f00000|100%| O|  |TAMS 0x0000000084e00000| PB 0x0000000084e00000| Untracked 
|  11|0x0000000084f00000, 0x0000000085000000, 0x0000000085000000|100%| O|  |TAMS 0x0000000084f00000| PB 0x0000000084f00000| Untracked 
|  12|0x0000000085000000, 0x0000000085100000, 0x0000000085100000|100%| O|  |TAMS 0x0000000085000000| PB 0x0000000085000000| Untracked 
|  13|0x0000000085100000, 0x0000000085200000, 0x0000000085200000|100%| O|  |TAMS 0x0000000085100000| PB 0x0000000085100000| Untracked 
|  14|0x0000000085200000, 0x0000000085300000, 0x0000000085300000|100%| O|  |TAMS 0x0000000085200000| PB 0x0000000085200000| Untracked 
|  15|0x0000000085300000, 0x0000000085400000, 0x0000000085400000|100%| O|  |TAMS 0x0000000085300000| PB 0x0000000085300000| Untracked 
|  16|0x0000000085400000, 0x0000000085500000, 0x0000000085500000|100%| O|  |TAMS 0x0000000085400000| PB 0x0000000085400000| Untracked 
|  17|0x0000000085500000, 0x0000000085600000, 0x0000000085600000|100%| O|  |TAMS 0x0000000085500000| PB 0x0000000085500000| Untracked 
|  18|0x0000000085600000, 0x0000000085700000, 0x0000000085700000|100%| O|  |TAMS 0x0000000085600000| PB 0x0000000085600000| Untracked 
|  19|0x0000000085700000, 0x0000000085800000, 0x0000000085800000|100%| O|  |TAMS 0x0000000085700000| PB 0x0000000085700000| Untracked 
|  20|0x0000000085800000, 0x0000000085900000, 0x0000000085900000|100%|HS|  |TAMS 0x0000000085800000| PB 0x0000000085800000| Complete 
|  21|0x0000000085900000, 0x0000000085a00000, 0x0000000085a00000|100%|HC|  |TAMS 0x0000000085900000| PB 0x0000000085900000| Complete 
|  22|0x0000000085a00000, 0x0000000085b00000, 0x0000000085b00000|100%|HC|  |TAMS 0x0000000085a00000| PB 0x0000000085a00000| Complete 
|  23|0x0000000085b00000, 0x0000000085b00000, 0x0000000085c00000|  0%| F|  |TAMS 0x0000000085b00000| PB 0x0000000085b00000| Untracked 
|  24|0x0000000085c00000, 0x0000000085d00000, 0x0000000085d00000|100%|HS|  |TAMS 0x0000000085c00000| PB 0x0000000085c00000| Complete 
|  25|0x0000000085d00000, 0x0000000085e00000, 0x0000000085e00000|100%|HS|  |TAMS 0x0000000085d00000| PB 0x0000000085d00000| Complete 
|  26|0x0000000085e00000, 0x0000000085f00000, 0x0000000085f00000|100%|HC|  |TAMS 0x0000000085e00000| PB 0x0000000085e00000| Complete 
|  27|0x0000000085f00000, 0x0000000086000000, 0x0000000086000000|100%|HS|  |TAMS 0x0000000085f00000| PB 0x0000000085f00000| Complete 
|  28|0x0000000086000000, 0x00000000860a07b0, 0x0000000086100000| 62%| O|  |TAMS 0x0000000086000000| PB 0x0000000086000000| Untracked 
|  29|0x0000000086100000, 0x0000000086200000, 0x0000000086200000|100%|HS|  |TAMS 0x0000000086100000| PB 0x0000000086100000| Complete 
|  30|0x0000000086200000, 0x0000000086300000, 0x0000000086300000|100%|HC|  |TAMS 0x0000000086200000| PB 0x0000000086200000| Complete 
|  31|0x0000000086300000, 0x0000000086400000, 0x0000000086400000|100%|HS|  |TAMS 0x0000000086300000| PB 0x0000000086300000| Complete 
|  32|0x0000000086400000, 0x0000000086500000, 0x0000000086500000|100%|HC|  |TAMS 0x0000000086400000| PB 0x0000000086400000| Complete 
|  33|0x0000000086500000, 0x0000000086500000, 0x0000000086600000|  0%| F|  |TAMS 0x0000000086500000| PB 0x0000000086500000| Untracked 
|  34|0x0000000086600000, 0x0000000086600000, 0x0000000086700000|  0%| F|  |TAMS 0x0000000086600000| PB 0x0000000086600000| Untracked 
|  35|0x0000000086700000, 0x0000000086700000, 0x0000000086800000|  0%| F|  |TAMS 0x0000000086700000| PB 0x0000000086700000| Untracked 
|  36|0x0000000086800000, 0x0000000086900000, 0x0000000086900000|100%|HS|  |TAMS 0x0000000086800000| PB 0x0000000086800000| Complete 
|  37|0x0000000086900000, 0x0000000086a00000, 0x0000000086a00000|100%|HS|  |TAMS 0x0000000086900000| PB 0x0000000086900000| Complete 
|  38|0x0000000086a00000, 0x0000000086b00000, 0x0000000086b00000|100%|HC|  |TAMS 0x0000000086a00000| PB 0x0000000086a00000| Complete 
|  39|0x0000000086b00000, 0x0000000086b00000, 0x0000000086c00000|  0%| F|  |TAMS 0x0000000086b00000| PB 0x0000000086b00000| Untracked 
|  40|0x0000000086c00000, 0x0000000086c00000, 0x0000000086d00000|  0%| F|  |TAMS 0x0000000086c00000| PB 0x0000000086c00000| Untracked 
|  41|0x0000000086d00000, 0x0000000086e00000, 0x0000000086e00000|100%|HS|  |TAMS 0x0000000086d00000| PB 0x0000000086d00000| Complete 
|  42|0x0000000086e00000, 0x0000000086f00000, 0x0000000086f00000|100%|HC|  |TAMS 0x0000000086e00000| PB 0x0000000086e00000| Complete 
|  43|0x0000000086f00000, 0x0000000086f00000, 0x0000000087000000|  0%| F|  |TAMS 0x0000000086f00000| PB 0x0000000086f00000| Untracked 
|  44|0x0000000087000000, 0x0000000087000000, 0x0000000087100000|  0%| F|  |TAMS 0x0000000087000000| PB 0x0000000087000000| Untracked 
|  45|0x0000000087100000, 0x0000000087100000, 0x0000000087200000|  0%| F|  |TAMS 0x0000000087100000| PB 0x0000000087100000| Untracked 
|  46|0x0000000087200000, 0x0000000087200000, 0x0000000087300000|  0%| F|  |TAMS 0x0000000087200000| PB 0x0000000087200000| Untracked 
|  47|0x0000000087300000, 0x0000000087300000, 0x0000000087400000|  0%| F|  |TAMS 0x0000000087300000| PB 0x0000000087300000| Untracked 
|  48|0x0000000087400000, 0x0000000087400000, 0x0000000087500000|  0%| F|  |TAMS 0x0000000087400000| PB 0x0000000087400000| Untracked 
|  49|0x0000000087500000, 0x0000000087500000, 0x0000000087600000|  0%| F|  |TAMS 0x0000000087500000| PB 0x0000000087500000| Untracked 
|  50|0x0000000087600000, 0x0000000087600000, 0x0000000087700000|  0%| F|  |TAMS 0x0000000087600000| PB 0x0000000087600000| Untracked 
|  51|0x0000000087700000, 0x0000000087700000, 0x0000000087800000|  0%| F|  |TAMS 0x0000000087700000| PB 0x0000000087700000| Untracked 
|  52|0x0000000087800000, 0x0000000087800000, 0x0000000087900000|  0%| F|  |TAMS 0x0000000087800000| PB 0x0000000087800000| Untracked 
|  53|0x0000000087900000, 0x0000000087a00000, 0x0000000087a00000|100%|HS|  |TAMS 0x0000000087900000| PB 0x0000000087900000| Complete 
|  54|0x0000000087a00000, 0x0000000087b00000, 0x0000000087b00000|100%|HC|  |TAMS 0x0000000087a00000| PB 0x0000000087a00000| Complete 
|  55|0x0000000087b00000, 0x0000000087c00000, 0x0000000087c00000|100%|HS|  |TAMS 0x0000000087b00000| PB 0x0000000087b00000| Complete 
|  56|0x0000000087c00000, 0x0000000087d00000, 0x0000000087d00000|100%|HC|  |TAMS 0x0000000087c00000| PB 0x0000000087c00000| Complete 
|  57|0x0000000087d00000, 0x0000000087d00000, 0x0000000087e00000|  0%| F|  |TAMS 0x0000000087d00000| PB 0x0000000087d00000| Untracked 
|  58|0x0000000087e00000, 0x0000000087e00000, 0x0000000087f00000|  0%| F|  |TAMS 0x0000000087e00000| PB 0x0000000087e00000| Untracked 
|  59|0x0000000087f00000, 0x0000000087f00000, 0x0000000088000000|  0%| F|  |TAMS 0x0000000087f00000| PB 0x0000000087f00000| Untracked 
|  60|0x0000000088000000, 0x0000000088000000, 0x0000000088100000|  0%| F|  |TAMS 0x0000000088000000| PB 0x0000000088000000| Untracked 
|  61|0x0000000088100000, 0x0000000088100000, 0x0000000088200000|  0%| F|  |TAMS 0x0000000088100000| PB 0x0000000088100000| Untracked 
|  62|0x0000000088200000, 0x0000000088300000, 0x0000000088300000|100%|HS|  |TAMS 0x0000000088200000| PB 0x0000000088200000| Complete 
|  63|0x0000000088300000, 0x0000000088400000, 0x0000000088400000|100%|HC|  |TAMS 0x0000000088300000| PB 0x0000000088300000| Complete 
|  64|0x0000000088400000, 0x0000000088500000, 0x0000000088500000|100%|HS|  |TAMS 0x0000000088400000| PB 0x0000000088400000| Complete 
|  65|0x0000000088500000, 0x0000000088500000, 0x0000000088600000|  0%| F|  |TAMS 0x0000000088500000| PB 0x0000000088500000| Untracked 
|  66|0x0000000088600000, 0x0000000088600000, 0x0000000088700000|  0%| F|  |TAMS 0x0000000088600000| PB 0x0000000088600000| Untracked 
|  67|0x0000000088700000, 0x0000000088700000, 0x0000000088800000|  0%| F|  |TAMS 0x0000000088700000| PB 0x0000000088700000| Untracked 
|  68|0x0000000088800000, 0x0000000088800000, 0x0000000088900000|  0%| F|  |TAMS 0x0000000088800000| PB 0x0000000088800000| Untracked 
|  69|0x0000000088900000, 0x0000000088900000, 0x0000000088a00000|  0%| F|  |TAMS 0x0000000088900000| PB 0x0000000088900000| Untracked 
|  70|0x0000000088a00000, 0x0000000088a00000, 0x0000000088b00000|  0%| F|  |TAMS 0x0000000088a00000| PB 0x0000000088a00000| Untracked 
|  71|0x0000000088b00000, 0x0000000088b00000, 0x0000000088c00000|  0%| F|  |TAMS 0x0000000088b00000| PB 0x0000000088b00000| Untracked 
|  72|0x0000000088c00000, 0x0000000088c00000, 0x0000000088d00000|  0%| F|  |TAMS 0x0000000088c00000| PB 0x0000000088c00000| Untracked 
|  73|0x0000000088d00000, 0x0000000088d00000, 0x0000000088e00000|  0%| F|  |TAMS 0x0000000088d00000| PB 0x0000000088d00000| Untracked 
|  74|0x0000000088e00000, 0x0000000088e00000, 0x0000000088f00000|  0%| F|  |TAMS 0x0000000088e00000| PB 0x0000000088e00000| Untracked 
|  75|0x0000000088f00000, 0x0000000088f00000, 0x0000000089000000|  0%| F|  |TAMS 0x0000000088f00000| PB 0x0000000088f00000| Untracked 
|  76|0x0000000089000000, 0x0000000089000000, 0x0000000089100000|  0%| F|  |TAMS 0x0000000089000000| PB 0x0000000089000000| Untracked 
|  77|0x0000000089100000, 0x0000000089100000, 0x0000000089200000|  0%| F|  |TAMS 0x0000000089100000| PB 0x0000000089100000| Untracked 
|  78|0x0000000089200000, 0x0000000089200000, 0x0000000089300000|  0%| F|  |TAMS 0x0000000089200000| PB 0x0000000089200000| Untracked 
|  79|0x0000000089300000, 0x0000000089300000, 0x0000000089400000|  0%| F|  |TAMS 0x0000000089300000| PB 0x0000000089300000| Untracked 
|  80|0x0000000089400000, 0x0000000089400000, 0x0000000089500000|  0%| F|  |TAMS 0x0000000089400000| PB 0x0000000089400000| Untracked 
|  81|0x0000000089500000, 0x0000000089500000, 0x0000000089600000|  0%| F|  |TAMS 0x0000000089500000| PB 0x0000000089500000| Untracked 
|  82|0x0000000089600000, 0x0000000089600000, 0x0000000089700000|  0%| F|  |TAMS 0x0000000089600000| PB 0x0000000089600000| Untracked 
|  83|0x0000000089700000, 0x0000000089700000, 0x0000000089800000|  0%| F|  |TAMS 0x0000000089700000| PB 0x0000000089700000| Untracked 
|  84|0x0000000089800000, 0x0000000089800000, 0x0000000089900000|  0%| F|  |TAMS 0x0000000089800000| PB 0x0000000089800000| Untracked 
|  85|0x0000000089900000, 0x0000000089900000, 0x0000000089a00000|  0%| F|  |TAMS 0x0000000089900000| PB 0x0000000089900000| Untracked 
|  86|0x0000000089a00000, 0x0000000089a00000, 0x0000000089b00000|  0%| F|  |TAMS 0x0000000089a00000| PB 0x0000000089a00000| Untracked 
|  87|0x0000000089b00000, 0x0000000089b00000, 0x0000000089c00000|  0%| F|  |TAMS 0x0000000089b00000| PB 0x0000000089b00000| Untracked 
|  88|0x0000000089c00000, 0x0000000089c00000, 0x0000000089d00000|  0%| F|  |TAMS 0x0000000089c00000| PB 0x0000000089c00000| Untracked 
|  89|0x0000000089d00000, 0x0000000089d00000, 0x0000000089e00000|  0%| F|  |TAMS 0x0000000089d00000| PB 0x0000000089d00000| Untracked 
|  90|0x0000000089e00000, 0x0000000089e00000, 0x0000000089f00000|  0%| F|  |TAMS 0x0000000089e00000| PB 0x0000000089e00000| Untracked 
|  91|0x0000000089f00000, 0x0000000089f00000, 0x000000008a000000|  0%| F|  |TAMS 0x0000000089f00000| PB 0x0000000089f00000| Untracked 
|  92|0x000000008a000000, 0x000000008a000000, 0x000000008a100000|  0%| F|  |TAMS 0x000000008a000000| PB 0x000000008a000000| Untracked 
|  93|0x000000008a100000, 0x000000008a100000, 0x000000008a200000|  0%| F|  |TAMS 0x000000008a100000| PB 0x000000008a100000| Untracked 
|  94|0x000000008a200000, 0x000000008a200000, 0x000000008a300000|  0%| F|  |TAMS 0x000000008a200000| PB 0x000000008a200000| Untracked 
|  95|0x000000008a300000, 0x000000008a300000, 0x000000008a400000|  0%| F|  |TAMS 0x000000008a300000| PB 0x000000008a300000| Untracked 
|  96|0x000000008a400000, 0x000000008a400000, 0x000000008a500000|  0%| F|  |TAMS 0x000000008a400000| PB 0x000000008a400000| Untracked 
|  97|0x000000008a500000, 0x000000008a500000, 0x000000008a600000|  0%| F|  |TAMS 0x000000008a500000| PB 0x000000008a500000| Untracked 
|  98|0x000000008a600000, 0x000000008a600000, 0x000000008a700000|  0%| F|  |TAMS 0x000000008a600000| PB 0x000000008a600000| Untracked 
|  99|0x000000008a700000, 0x000000008a700000, 0x000000008a800000|  0%| F|  |TAMS 0x000000008a700000| PB 0x000000008a700000| Untracked 
| 100|0x000000008a800000, 0x000000008a800000, 0x000000008a900000|  0%| F|  |TAMS 0x000000008a800000| PB 0x000000008a800000| Untracked 
| 101|0x000000008a900000, 0x000000008aa00000, 0x000000008aa00000|100%| E|  |TAMS 0x000000008a900000| PB 0x000000008a900000| Complete 
| 102|0x000000008aa00000, 0x000000008ab00000, 0x000000008ab00000|100%| E|CS|TAMS 0x000000008aa00000| PB 0x000000008aa00000| Complete 
| 103|0x000000008ab00000, 0x000000008ac00000, 0x000000008ac00000|100%| E|CS|TAMS 0x000000008ab00000| PB 0x000000008ab00000| Complete 
| 104|0x000000008ac00000, 0x000000008ad00000, 0x000000008ad00000|100%| E|CS|TAMS 0x000000008ac00000| PB 0x000000008ac00000| Complete 
| 105|0x000000008ad00000, 0x000000008ae00000, 0x000000008ae00000|100%| E|CS|TAMS 0x000000008ad00000| PB 0x000000008ad00000| Complete 
| 106|0x000000008ae00000, 0x000000008af00000, 0x000000008af00000|100%| E|CS|TAMS 0x000000008ae00000| PB 0x000000008ae00000| Complete 
| 107|0x000000008af00000, 0x000000008b000000, 0x000000008b000000|100%| E|CS|TAMS 0x000000008af00000| PB 0x000000008af00000| Complete 
| 108|0x000000008b000000, 0x000000008b100000, 0x000000008b100000|100%| E|CS|TAMS 0x000000008b000000| PB 0x000000008b000000| Complete 
| 109|0x000000008b100000, 0x000000008b200000, 0x000000008b200000|100%| E|CS|TAMS 0x000000008b100000| PB 0x000000008b100000| Complete 
| 110|0x000000008b200000, 0x000000008b300000, 0x000000008b300000|100%| E|CS|TAMS 0x000000008b200000| PB 0x000000008b200000| Complete 
| 111|0x000000008b300000, 0x000000008b400000, 0x000000008b400000|100%| E|CS|TAMS 0x000000008b300000| PB 0x000000008b300000| Complete 
| 112|0x000000008b400000, 0x000000008b500000, 0x000000008b500000|100%| E|CS|TAMS 0x000000008b400000| PB 0x000000008b400000| Complete 
| 113|0x000000008b500000, 0x000000008b600000, 0x000000008b600000|100%| E|CS|TAMS 0x000000008b500000| PB 0x000000008b500000| Complete 
| 114|0x000000008b600000, 0x000000008b700000, 0x000000008b700000|100%| E|CS|TAMS 0x000000008b600000| PB 0x000000008b600000| Complete 
| 115|0x000000008b700000, 0x000000008b7ffec0, 0x000000008b800000| 99%| E|  |TAMS 0x000000008b700000| PB 0x000000008b700000| Complete 
| 116|0x000000008b800000, 0x000000008b900000, 0x000000008b900000|100%| E|CS|TAMS 0x000000008b800000| PB 0x000000008b800000| Complete 
| 117|0x000000008b900000, 0x000000008ba00000, 0x000000008ba00000|100%| E|CS|TAMS 0x000000008b900000| PB 0x000000008b900000| Complete 
| 118|0x000000008ba00000, 0x000000008bb00000, 0x000000008bb00000|100%| E|CS|TAMS 0x000000008ba00000| PB 0x000000008ba00000| Complete 
| 119|0x000000008bb00000, 0x000000008bc00000, 0x000000008bc00000|100%| E|CS|TAMS 0x000000008bb00000| PB 0x000000008bb00000| Complete 
| 120|0x000000008bc00000, 0x000000008bd00000, 0x000000008bd00000|100%| E|CS|TAMS 0x000000008bc00000| PB 0x000000008bc00000| Complete 
| 121|0x000000008bd00000, 0x000000008be00000, 0x000000008be00000|100%| E|CS|TAMS 0x000000008bd00000| PB 0x000000008bd00000| Complete 
| 122|0x000000008be00000, 0x000000008bf00000, 0x000000008bf00000|100%| E|CS|TAMS 0x000000008be00000| PB 0x000000008be00000| Complete 
| 123|0x000000008bf00000, 0x000000008c000000, 0x000000008c000000|100%| E|CS|TAMS 0x000000008bf00000| PB 0x000000008bf00000| Complete 
| 124|0x000000008c000000, 0x000000008c100000, 0x000000008c100000|100%| E|CS|TAMS 0x000000008c000000| PB 0x000000008c000000| Complete 
| 125|0x000000008c100000, 0x000000008c200000, 0x000000008c200000|100%| E|CS|TAMS 0x000000008c100000| PB 0x000000008c100000| Complete 
| 126|0x000000008c200000, 0x000000008c300000, 0x000000008c300000|100%| E|CS|TAMS 0x000000008c200000| PB 0x000000008c200000| Complete 
| 127|0x000000008c300000, 0x000000008c400000, 0x000000008c400000|100%| E|CS|TAMS 0x000000008c300000| PB 0x000000008c300000| Complete 
| 128|0x000000008c400000, 0x000000008c500000, 0x000000008c500000|100%| E|CS|TAMS 0x000000008c400000| PB 0x000000008c400000| Complete 
| 129|0x000000008c500000, 0x000000008c600000, 0x000000008c600000|100%| E|CS|TAMS 0x000000008c500000| PB 0x000000008c500000| Complete 
| 130|0x000000008c600000, 0x000000008c700000, 0x000000008c700000|100%| E|CS|TAMS 0x000000008c600000| PB 0x000000008c600000| Complete 
| 131|0x000000008c700000, 0x000000008c800000, 0x000000008c800000|100%| E|CS|TAMS 0x000000008c700000| PB 0x000000008c700000| Complete 
| 132|0x000000008c800000, 0x000000008c900000, 0x000000008c900000|100%| E|CS|TAMS 0x000000008c800000| PB 0x000000008c800000| Complete 
| 133|0x000000008c900000, 0x000000008ca00000, 0x000000008ca00000|100%| E|CS|TAMS 0x000000008c900000| PB 0x000000008c900000| Complete 
| 134|0x000000008ca00000, 0x000000008cb00000, 0x000000008cb00000|100%| E|CS|TAMS 0x000000008ca00000| PB 0x000000008ca00000| Complete 
| 135|0x000000008cb00000, 0x000000008cc00000, 0x000000008cc00000|100%| E|CS|TAMS 0x000000008cb00000| PB 0x000000008cb00000| Complete 
| 136|0x000000008cc00000, 0x000000008cd00000, 0x000000008cd00000|100%| E|CS|TAMS 0x000000008cc00000| PB 0x000000008cc00000| Complete 
| 137|0x000000008cd00000, 0x000000008ce00000, 0x000000008ce00000|100%| E|CS|TAMS 0x000000008cd00000| PB 0x000000008cd00000| Complete 
| 138|0x000000008ce00000, 0x000000008cf00000, 0x000000008cf00000|100%| E|CS|TAMS 0x000000008ce00000| PB 0x000000008ce00000| Complete 
| 139|0x000000008cf00000, 0x000000008d000000, 0x000000008d000000|100%| E|CS|TAMS 0x000000008cf00000| PB 0x000000008cf00000| Complete 
| 140|0x000000008d000000, 0x000000008d100000, 0x000000008d100000|100%| E|CS|TAMS 0x000000008d000000| PB 0x000000008d000000| Complete 
| 141|0x000000008d100000, 0x000000008d200000, 0x000000008d200000|100%| E|CS|TAMS 0x000000008d100000| PB 0x000000008d100000| Complete 
| 142|0x000000008d200000, 0x000000008d300000, 0x000000008d300000|100%| E|CS|TAMS 0x000000008d200000| PB 0x000000008d200000| Complete 
| 143|0x000000008d300000, 0x000000008d400000, 0x000000008d400000|100%| E|CS|TAMS 0x000000008d300000| PB 0x000000008d300000| Complete 
| 144|0x000000008d400000, 0x000000008d4a7bd8, 0x000000008d500000| 65%| S|CS|TAMS 0x000000008d400000| PB 0x000000008d400000| Complete 
| 145|0x000000008d500000, 0x000000008d600000, 0x000000008d600000|100%| S|CS|TAMS 0x000000008d500000| PB 0x000000008d500000| Complete 
| 146|0x000000008d600000, 0x000000008d700000, 0x000000008d700000|100%| S|CS|TAMS 0x000000008d600000| PB 0x000000008d600000| Complete 
| 147|0x000000008d700000, 0x000000008d800000, 0x000000008d800000|100%| E|CS|TAMS 0x000000008d700000| PB 0x000000008d700000| Complete 
| 148|0x000000008d800000, 0x000000008d900000, 0x000000008d900000|100%| E|CS|TAMS 0x000000008d800000| PB 0x000000008d800000| Complete 
| 149|0x000000008d900000, 0x000000008da00000, 0x000000008da00000|100%| E|CS|TAMS 0x000000008d900000| PB 0x000000008d900000| Complete 
| 150|0x000000008da00000, 0x000000008db00000, 0x000000008db00000|100%| E|CS|TAMS 0x000000008da00000| PB 0x000000008da00000| Complete 
|1979|0x00000000fff00000, 0x0000000100000000, 0x0000000100000000|100%| O|  |TAMS 0x00000000fff00000| PB 0x00000000fff00000| Untracked 

Card table byte_map: [0x00000181a2140000,0x00000181a2520000] _byte_map_base: 0x00000181a1d1e000

Marking Bits: (CMBitMap*) 0x000001818f42cb80
 Bits: [0x00000181a2520000, 0x00000181a4410000)

Polling page: 0x000001818d1c0000

Metaspace:

Usage:
  Non-class:     33.39 MB used.
      Class:      4.33 MB used.
       Both:     37.72 MB used.

Virtual space:
  Non-class space:       64.00 MB reserved,      33.69 MB ( 53%) committed,  1 nodes.
      Class space:        1.00 GB reserved,       4.56 MB ( <1%) committed,  1 nodes.
             Both:        1.06 GB reserved,      38.25 MB (  4%) committed. 

Chunk freelists:
   Non-Class:  14.16 MB
       Class:  11.39 MB
        Both:  25.54 MB

MaxMetaspaceSize: unlimited
CompressedClassSpaceSize: 1.00 GB
Initial GC threshold: 21.00 MB
Current GC threshold: 59.06 MB
CDS: on
 - commit_granule_bytes: 65536.
 - commit_granule_words: 8192.
 - virtual_space_node_default_size: 8388608.
 - enlarge_chunks_in_place: 1.
 - use_allocation_guard: 0.


Internal statistics:

num_allocs_failed_limit: 6.
num_arena_births: 772.
num_arena_deaths: 0.
num_vsnodes_births: 2.
num_vsnodes_deaths: 0.
num_space_committed: 612.
num_space_uncommitted: 0.
num_chunks_returned_to_freelist: 6.
num_chunks_taken_from_freelist: 2068.
num_chunk_merges: 6.
num_chunk_splits: 1369.
num_chunks_enlarged: 914.
num_inconsistent_stats: 0.

CodeHeap 'non-profiled nmethods': size=120000Kb used=3286Kb max_used=3286Kb free=116713Kb
 bounds [0x000001819a830000, 0x000001819ab70000, 0x00000181a1d60000]
CodeHeap 'profiled nmethods': size=120000Kb used=13693Kb max_used=13693Kb free=106306Kb
 bounds [0x0000018192d60000, 0x0000018193ac0000, 0x000001819a290000]
CodeHeap 'non-nmethods': size=5760Kb used=1808Kb max_used=1838Kb free=3952Kb
 bounds [0x000001819a290000, 0x000001819a500000, 0x000001819a830000]
 total_blobs=7305 nmethods=6643 adapters=565
 compilation: enabled
              stopped_count=0, restarted_count=0
 full_count=0

Compilation events (20 events):
Event: 501.620 Thread 0x00000181a6917f90 nmethod 7032 0x0000018193ab8b10 code [0x0000018193ab8ec0, 0x0000018193aba7b0]
Event: 501.620 Thread 0x00000181a6917f90 7033       3       com.aventstack.extentreports.AbstractProcessor::onNodeCreated (6 bytes)
Event: 501.621 Thread 0x00000181a6917f90 nmethod 7033 0x0000018193abb010 code [0x0000018193abb200, 0x0000018193abb648]
Event: 501.641 Thread 0x00000181a6917f90 7034       3       java.util.stream.ReferencePipeline$Head::forEach (26 bytes)
Event: 501.644 Thread 0x00000181a6917f90 nmethod 7034 0x0000018193abb810 code [0x0000018193abba40, 0x0000018193abc170]
Event: 501.672 Thread 0x00000181a6917f90 7035       3       java.nio.file.FileSystems::getDefault (14 bytes)
Event: 501.674 Thread 0x00000181a6917f90 nmethod 7035 0x0000018193abc410 code [0x0000018193abc5e0, 0x0000018193abc880]
Event: 502.470 Thread 0x00000181a6917f90 7036       3       java.security.AccessController::getContext (23 bytes)
Event: 502.472 Thread 0x00000181a6917f90 nmethod 7036 0x0000018193abc990 code [0x0000018193abcb60, 0x0000018193abce38]
Event: 519.780 Thread 0x00000181a6917f90 7037       3       org.openqa.selenium.json.NumberCoercer$$Lambda/0x00000181a836e0b0::apply (16 bytes)
Event: 519.782 Thread 0x00000181a6916b20 7040       4       java.util.LinkedHashMap$LinkedHashIterator::<init> (47 bytes)
Event: 519.784 Thread 0x00000181a6917f90 nmethod 7037 0x0000018193abcf90 code [0x0000018193abd160, 0x0000018193abd488]
Event: 519.784 Thread 0x00000181a6917f90 7039       3       org.openqa.selenium.json.JsonTypeCoercer$$Lambda/0x00000181a8359f18::apply (8 bytes)
Event: 519.785 Thread 0x00000181a6917f90 nmethod 7039 0x0000018193abd590 code [0x0000018193abd740, 0x0000018193abd970]
Event: 519.785 Thread 0x00000181a6917f90 7038   !   3       org.openqa.selenium.json.NumberCoercer::lambda$apply$0 (105 bytes)
Event: 519.793 Thread 0x00000181a6916b20 nmethod 7040 0x000001819ab65590 code [0x000001819ab65720, 0x000001819ab65a28]
Event: 519.796 Thread 0x00000181a6917f90 nmethod 7038 0x0000018193abda10 code [0x0000018193abdd00, 0x0000018193abea48]
Event: 519.799 Thread 0x00000181a6917f90 7041       3       org.openqa.selenium.remote.codec.AbstractHttpCommandCodec::delete (12 bytes)
Event: 519.800 Thread 0x00000181a6916b20 7042       4       java.lang.String::split (242 bytes)
Event: 519.801 Thread 0x00000181a6917f90 nmethod 7041 0x0000018193abf090 code [0x0000018193abf240, 0x0000018193abf3d0]

GC Heap History (20 events):
Event: 122.493 GC heap before
{Heap before GC invocations=13 (full 0):
 garbage-first heap   total 55296K, used 43027K [0x0000000084400000, 0x0000000100000000)
  region size 1024K, 24 young (24576K), 3 survivors (3072K)
 Metaspace       used 37660K, committed 38208K, reserved 1114112K
  class space    used 4417K, committed 4672K, reserved 1048576K
}
Event: 122.499 GC heap after
{Heap after GC invocations=14 (full 0):
 garbage-first heap   total 55296K, used 23122K [0x0000000084400000, 0x0000000100000000)
  region size 1024K, 2 young (2048K), 2 survivors (2048K)
 Metaspace       used 37660K, committed 38208K, reserved 1114112K
  class space    used 4417K, committed 4672K, reserved 1048576K
}
Event: 155.564 GC heap before
{Heap before GC invocations=14 (full 0):
 garbage-first heap   total 65536K, used 64082K [0x0000000084400000, 0x0000000100000000)
  region size 1024K, 19 young (19456K), 2 survivors (2048K)
 Metaspace       used 37746K, committed 38336K, reserved 1114112K
  class space    used 4418K, committed 4672K, reserved 1048576K
}
Event: 155.584 GC heap after
{Heap after GC invocations=15 (full 0):
 garbage-first heap   total 69632K, used 25403K [0x0000000084400000, 0x0000000100000000)
  region size 1024K, 3 young (3072K), 3 survivors (3072K)
 Metaspace       used 37746K, committed 38336K, reserved 1114112K
  class space    used 4418K, committed 4672K, reserved 1048576K
}
Event: 155.629 GC heap before
{Heap before GC invocations=15 (full 0):
 garbage-first heap   total 69632K, used 33595K [0x0000000084400000, 0x0000000100000000)
  region size 1024K, 4 young (4096K), 3 survivors (3072K)
 Metaspace       used 37746K, committed 38336K, reserved 1114112K
  class space    used 4418K, committed 4672K, reserved 1048576K
}
Event: 155.635 GC heap after
{Heap after GC invocations=16 (full 0):
 garbage-first heap   total 69632K, used 29736K [0x0000000084400000, 0x0000000100000000)
  region size 1024K, 2 young (2048K), 2 survivors (2048K)
 Metaspace       used 37746K, committed 38336K, reserved 1114112K
  class space    used 4418K, committed 4672K, reserved 1048576K
}
Event: 155.637 GC heap before
{Heap before GC invocations=16 (full 0):
 garbage-first heap   total 69632K, used 31784K [0x0000000084400000, 0x0000000100000000)
  region size 1024K, 2 young (2048K), 2 survivors (2048K)
 Metaspace       used 37746K, committed 38336K, reserved 1114112K
  class space    used 4418K, committed 4672K, reserved 1048576K
}
Event: 155.639 GC heap after
{Heap after GC invocations=17 (full 0):
 garbage-first heap   total 69632K, used 28648K [0x0000000084400000, 0x0000000100000000)
  region size 1024K, 2 young (2048K), 2 survivors (2048K)
 Metaspace       used 37746K, committed 38336K, reserved 1114112K
  class space    used 4418K, committed 4672K, reserved 1048576K
}
Event: 155.663 GC heap before
{Heap before GC invocations=17 (full 0):
 garbage-first heap   total 69632K, used 31720K [0x0000000084400000, 0x0000000100000000)
  region size 1024K, 3 young (3072K), 2 survivors (2048K)
 Metaspace       used 37746K, committed 38336K, reserved 1114112K
  class space    used 4418K, committed 4672K, reserved 1048576K
}
Event: 155.667 GC heap after
{Heap after GC invocations=18 (full 0):
 garbage-first heap   total 155648K, used 29765K [0x0000000084400000, 0x0000000100000000)
  region size 1024K, 2 young (2048K), 2 survivors (2048K)
 Metaspace       used 37746K, committed 38336K, reserved 1114112K
  class space    used 4418K, committed 4672K, reserved 1048576K
}
Event: 166.447 GC heap before
{Heap before GC invocations=18 (full 0):
 garbage-first heap   total 155648K, used 76869K [0x0000000084400000, 0x0000000100000000)
  region size 1024K, 9 young (9216K), 2 survivors (2048K)
 Metaspace       used 37789K, committed 38336K, reserved 1114112K
  class space    used 4420K, committed 4672K, reserved 1048576K
}
Event: 166.453 GC heap after
{Heap after GC invocations=19 (full 0):
 garbage-first heap   total 155648K, used 29899K [0x0000000084400000, 0x0000000100000000)
  region size 1024K, 2 young (2048K), 2 survivors (2048K)
 Metaspace       used 37789K, committed 38336K, reserved 1114112K
  class space    used 4420K, committed 4672K, reserved 1048576K
}
Event: 180.844 GC heap before
{Heap before GC invocations=19 (full 0):
 garbage-first heap   total 155648K, used 80075K [0x0000000084400000, 0x0000000100000000)
  region size 1024K, 12 young (12288K), 2 survivors (2048K)
 Metaspace       used 37818K, committed 38400K, reserved 1114112K
  class space    used 4420K, committed 4672K, reserved 1048576K
}
Event: 180.850 GC heap after
{Heap after GC invocations=20 (full 0):
 garbage-first heap   total 155648K, used 35084K [0x0000000084400000, 0x0000000100000000)
  region size 1024K, 2 young (2048K), 2 survivors (2048K)
 Metaspace       used 37818K, committed 38400K, reserved 1114112K
  class space    used 4420K, committed 4672K, reserved 1048576K
}
Event: 182.119 GC heap before
{Heap before GC invocations=20 (full 0):
 garbage-first heap   total 155648K, used 71948K [0x0000000084400000, 0x0000000100000000)
  region size 1024K, 6 young (6144K), 2 survivors (2048K)
 Metaspace       used 37818K, committed 38400K, reserved 1114112K
  class space    used 4420K, committed 4672K, reserved 1048576K
}
Event: 182.123 GC heap after
{Heap after GC invocations=21 (full 0):
 garbage-first heap   total 155648K, used 37158K [0x0000000084400000, 0x0000000100000000)
  region size 1024K, 2 young (2048K), 2 survivors (2048K)
 Metaspace       used 37818K, committed 38400K, reserved 1114112K
  class space    used 4420K, committed 4672K, reserved 1048576K
}
Event: 300.915 GC heap before
{Heap before GC invocations=21 (full 0):
 garbage-first heap   total 155648K, used 120102K [0x0000000084400000, 0x0000000100000000)
  region size 1024K, 51 young (52224K), 2 survivors (2048K)
 Metaspace       used 38019K, committed 38592K, reserved 1114112K
  class space    used 4431K, committed 4672K, reserved 1048576K
}
Event: 300.983 GC heap after
{Heap after GC invocations=22 (full 0):
 garbage-first heap   total 155648K, used 41184K [0x0000000084400000, 0x0000000100000000)
  region size 1024K, 3 young (3072K), 3 survivors (3072K)
 Metaspace       used 38019K, committed 38592K, reserved 1114112K
  class space    used 4431K, committed 4672K, reserved 1048576K
}
Event: 301.317 GC heap before
{Heap before GC invocations=22 (full 0):
 garbage-first heap   total 155648K, used 74976K [0x0000000084400000, 0x0000000100000000)
  region size 1024K, 7 young (7168K), 3 survivors (3072K)
 Metaspace       used 38019K, committed 38592K, reserved 1114112K
  class space    used 4431K, committed 4672K, reserved 1048576K
}
Event: 301.323 GC heap after
{Heap after GC invocations=23 (full 0):
 garbage-first heap   total 155648K, used 39200K [0x0000000084400000, 0x0000000100000000)
  region size 1024K, 3 young (3072K), 3 survivors (3072K)
 Metaspace       used 38019K, committed 38592K, reserved 1114112K
  class space    used 4431K, committed 4672K, reserved 1048576K
}

Dll operation events (9 events):
Event: 0.024 Loaded shared library C:\Users\DELL\.p2\pool\plugins\org.eclipse.justj.openjdk.hotspot.jre.full.win32.x86_64_21.0.7.v20250502-0916\jre\bin\java.dll
Event: 0.065 Loaded shared library C:\Users\DELL\.p2\pool\plugins\org.eclipse.justj.openjdk.hotspot.jre.full.win32.x86_64_21.0.7.v20250502-0916\jre\bin\zip.dll
Event: 0.224 Loaded shared library C:\Users\DELL\.p2\pool\plugins\org.eclipse.justj.openjdk.hotspot.jre.full.win32.x86_64_21.0.7.v20250502-0916\jre\bin\net.dll
Event: 0.228 Loaded shared library C:\Users\DELL\.p2\pool\plugins\org.eclipse.justj.openjdk.hotspot.jre.full.win32.x86_64_21.0.7.v20250502-0916\jre\bin\nio.dll
Event: 0.234 Loaded shared library C:\Users\DELL\.p2\pool\plugins\org.eclipse.justj.openjdk.hotspot.jre.full.win32.x86_64_21.0.7.v20250502-0916\jre\bin\zip.dll
Event: 0.885 Loaded shared library C:\Users\DELL\.p2\pool\plugins\org.eclipse.justj.openjdk.hotspot.jre.full.win32.x86_64_21.0.7.v20250502-0916\jre\bin\jimage.dll
Event: 1.256 Loaded shared library C:\Users\DELL\.p2\pool\plugins\org.eclipse.justj.openjdk.hotspot.jre.full.win32.x86_64_21.0.7.v20250502-0916\jre\bin\extnet.dll
Event: 2.707 Loaded shared library C:\Users\DELL\.p2\pool\plugins\org.eclipse.justj.openjdk.hotspot.jre.full.win32.x86_64_21.0.7.v20250502-0916\jre\bin\verify.dll
Event: 2.881 Loaded shared library C:\Users\DELL\.p2\pool\plugins\org.eclipse.justj.openjdk.hotspot.jre.full.win32.x86_64_21.0.7.v20250502-0916\jre\bin\sunmscapi.dll

Deoptimization events (20 events):
Event: 338.388 Thread 0x000001818d0978d0 Uncommon trap: trap_request=0xffffff45 fr.pc=0x000001819a8f06c0 relative=0x0000000000000120
Event: 338.388 Thread 0x000001818d0978d0 Uncommon trap: reason=unstable_if action=reinterpret pc=0x000001819a8f06c0 method=org.apache.xmlbeans.impl.store.Xobj.isNormal(I)Z @ 39 c2
Event: 338.388 Thread 0x000001818d0978d0 DEOPT PACKING pc=0x000001819a8f06c0 sp=0x0000001f3bafcb10
Event: 338.391 Thread 0x000001818d0978d0 DEOPT UNPACKING pc=0x000001819a2e7da2 sp=0x0000001f3bafca98 mode 2
Event: 342.787 Thread 0x000001818d0978d0 Uncommon trap: trap_request=0xffffff45 fr.pc=0x000001819a9d6734 relative=0x0000000000000df4
Event: 342.787 Thread 0x000001818d0978d0 Uncommon trap: reason=unstable_if action=reinterpret pc=0x000001819a9d6734 method=java.lang.StringLatin1$CharsSpliterator.forEachRemaining(Ljava/util/function/IntConsumer;)V @ 46 c2
Event: 342.787 Thread 0x000001818d0978d0 DEOPT PACKING pc=0x000001819a9d6734 sp=0x0000001f3bafc3c0
Event: 342.788 Thread 0x000001818d0978d0 DEOPT UNPACKING pc=0x000001819a2e7da2 sp=0x0000001f3bafc390 mode 2
Event: 343.993 Thread 0x00000181ed617bb0 Uncommon trap: trap_request=0xffffff45 fr.pc=0x000001819ab09904 relative=0x00000000000000e4
Event: 343.993 Thread 0x00000181ed617bb0 Uncommon trap: reason=unstable_if action=reinterpret pc=0x000001819ab09904 method=jdk.internal.net.http.common.Demand.decreaseAndGet(J)J @ 47 c2
Event: 343.993 Thread 0x00000181ed617bb0 DEOPT PACKING pc=0x000001819ab09904 sp=0x0000001f3eefdfb0
Event: 343.994 Thread 0x00000181ed617bb0 DEOPT UNPACKING pc=0x000001819a2e7da2 sp=0x0000001f3eefdf18 mode 2
Event: 346.137 Thread 0x000001818d0978d0 DEOPT PACKING pc=0x0000018193a37b8b sp=0x0000001f3bafc770
Event: 346.137 Thread 0x000001818d0978d0 DEOPT UNPACKING pc=0x000001819a2e88e2 sp=0x0000001f3bafbc10 mode 0
Event: 359.903 Thread 0x000001818d0978d0 DEOPT PACKING pc=0x0000018193a37b8b sp=0x0000001f3bafc9e0
Event: 359.906 Thread 0x000001818d0978d0 DEOPT UNPACKING pc=0x000001819a2e88e2 sp=0x0000001f3bafbe80 mode 0
Event: 419.458 Thread 0x000001818d0978d0 DEOPT PACKING pc=0x0000018193a37b8b sp=0x0000001f3bafc980
Event: 419.644 Thread 0x000001818d0978d0 DEOPT UNPACKING pc=0x000001819a2e88e2 sp=0x0000001f3bafbe20 mode 0
Event: 447.512 Thread 0x000001818d0978d0 DEOPT PACKING pc=0x0000018192ff5cb2 sp=0x0000001f3bafd720
Event: 447.515 Thread 0x000001818d0978d0 DEOPT UNPACKING pc=0x000001819a2e88e2 sp=0x0000001f3bafcc00 mode 0

Classes loaded (20 events):
Event: 112.621 Loading class java/lang/AbstractMethodError
Event: 112.622 Loading class java/lang/AbstractMethodError done
Event: 112.648 Loading class java/lang/ThreadDeath
Event: 112.649 Loading class java/lang/ThreadDeath done
Event: 112.653 Loading class org/w3c/dom/Comment
Event: 112.654 Loading class org/w3c/dom/Comment done
Event: 112.667 Loading class org/w3c/dom/ProcessingInstruction
Event: 112.667 Loading class org/w3c/dom/ProcessingInstruction done
Event: 112.723 Loading class org/w3c/dom/DocumentFragment
Event: 112.723 Loading class org/w3c/dom/DocumentFragment done
Event: 112.970 Loading class java/util/ConcurrentModificationException
Event: 112.971 Loading class java/util/ConcurrentModificationException done
Event: 113.880 Loading class java/util/TreeMap$AscendingSubMap
Event: 113.881 Loading class java/util/TreeMap$NavigableSubMap
Event: 113.881 Loading class java/util/TreeMap$NavigableSubMap done
Event: 113.881 Loading class java/util/TreeMap$AscendingSubMap done
Event: 113.882 Loading class java/util/TreeMap$NavigableSubMap$SubMapKeyIterator
Event: 113.882 Loading class java/util/TreeMap$NavigableSubMap$SubMapIterator
Event: 113.882 Loading class java/util/TreeMap$NavigableSubMap$SubMapIterator done
Event: 113.882 Loading class java/util/TreeMap$NavigableSubMap$SubMapKeyIterator done

Classes unloaded (0 events):
No events

Classes redefined (0 events):
No events

Internal exceptions (20 events):
Event: 502.191 Thread 0x00000181ee521070 Exception <a 'java/net/ConnectException'{0x000000008a94f3d8}: Connection refused: getsockopt> (0x000000008a94f3d8) 
thrown [s\src\hotspot\share\prims\jni.cpp, line 539]
Event: 502.196 Thread 0x00000181ee521070 Exception <a 'java/net/ConnectException'{0x000000008a94fc30}: Connection refused: getsockopt> (0x000000008a94fc30) 
thrown [s\src\hotspot\share\prims\jni.cpp, line 539]
Event: 502.212 Thread 0x00000181ee521070 Exception <a 'java/net/ConnectException'{0x000000008a950488}: Connection refused: getsockopt> (0x000000008a950488) 
thrown [s\src\hotspot\share\prims\jni.cpp, line 539]
Event: 502.232 Thread 0x00000181ee521070 Exception <a 'java/net/ConnectException'{0x000000008a950ce0}: Connection refused: getsockopt> (0x000000008a950ce0) 
thrown [s\src\hotspot\share\prims\jni.cpp, line 539]
Event: 502.235 Thread 0x00000181ee521070 Exception <a 'java/net/ConnectException'{0x000000008a951538}: Connection refused: getsockopt> (0x000000008a951538) 
thrown [s\src\hotspot\share\prims\jni.cpp, line 539]
Event: 502.250 Thread 0x00000181ee521070 Exception <a 'java/net/ConnectException'{0x000000008a951d90}: Connection refused: getsockopt> (0x000000008a951d90) 
thrown [s\src\hotspot\share\prims\jni.cpp, line 539]
Event: 502.260 Thread 0x00000181ee521070 Exception <a 'java/net/ConnectException'{0x000000008a9525e8}: Connection refused: getsockopt> (0x000000008a9525e8) 
thrown [s\src\hotspot\share\prims\jni.cpp, line 539]
Event: 502.275 Thread 0x00000181ee521070 Exception <a 'java/net/ConnectException'{0x000000008a952e40}: Connection refused: getsockopt> (0x000000008a952e40) 
thrown [s\src\hotspot\share\prims\jni.cpp, line 539]
Event: 502.278 Thread 0x00000181ee521070 Exception <a 'java/net/ConnectException'{0x000000008a953698}: Connection refused: getsockopt> (0x000000008a953698) 
thrown [s\src\hotspot\share\prims\jni.cpp, line 539]
Event: 502.287 Thread 0x00000181ee521070 Exception <a 'java/net/ConnectException'{0x000000008a953ef0}: Connection refused: getsockopt> (0x000000008a953ef0) 
thrown [s\src\hotspot\share\prims\jni.cpp, line 539]
Event: 502.304 Thread 0x00000181ee521070 Exception <a 'java/net/ConnectException'{0x000000008a954748}: Connection refused: getsockopt> (0x000000008a954748) 
thrown [s\src\hotspot\share\prims\jni.cpp, line 539]
Event: 502.341 Thread 0x00000181ee521070 Exception <a 'java/net/ConnectException'{0x000000008a954fa0}: Connection refused: getsockopt> (0x000000008a954fa0) 
thrown [s\src\hotspot\share\prims\jni.cpp, line 539]
Event: 502.357 Thread 0x00000181ee521070 Exception <a 'java/net/ConnectException'{0x000000008a9557f8}: Connection refused: getsockopt> (0x000000008a9557f8) 
thrown [s\src\hotspot\share\prims\jni.cpp, line 539]
Event: 502.385 Thread 0x00000181ee521070 Exception <a 'java/net/ConnectException'{0x000000008a956050}: Connection refused: getsockopt> (0x000000008a956050) 
thrown [s\src\hotspot\share\prims\jni.cpp, line 539]
Event: 502.391 Thread 0x00000181ee521070 Exception <a 'java/net/ConnectException'{0x000000008a9568a8}: Connection refused: getsockopt> (0x000000008a9568a8) 
thrown [s\src\hotspot\share\prims\jni.cpp, line 539]
Event: 502.417 Thread 0x00000181ee521070 Exception <a 'java/net/ConnectException'{0x000000008a957100}: Connection refused: getsockopt> (0x000000008a957100) 
thrown [s\src\hotspot\share\prims\jni.cpp, line 539]
Event: 502.418 Thread 0x00000181ee521070 Exception <a 'java/net/ConnectException'{0x000000008a957958}: Connection refused: getsockopt> (0x000000008a957958) 
thrown [s\src\hotspot\share\prims\jni.cpp, line 539]
Event: 502.419 Thread 0x00000181ee521070 Exception <a 'java/net/ConnectException'{0x000000008a9581b0}: Connection refused: getsockopt> (0x000000008a9581b0) 
thrown [s\src\hotspot\share\prims\jni.cpp, line 539]
Event: 502.420 Thread 0x00000181ee521070 Exception <a 'java/net/ConnectException'{0x000000008a958a08}: Connection refused: getsockopt> (0x000000008a958a08) 
thrown [s\src\hotspot\share\prims\jni.cpp, line 539]
Event: 502.423 Thread 0x00000181ee521070 Exception <a 'java/net/ConnectException'{0x000000008a959260}: Connection refused: getsockopt> (0x000000008a959260) 
thrown [s\src\hotspot\share\prims\jni.cpp, line 539]

ZGC Phase Switch (0 events):
No events

VM Operations (20 events):
Event: 420.783 Executing VM operation: Cleanup
Event: 420.784 Executing VM operation: Cleanup done
Event: 420.963 Executing VM operation: HandshakeAllThreads (HandshakeForDeflation)
Event: 420.964 Executing VM operation: HandshakeAllThreads (HandshakeForDeflation) done
Event: 420.964 Executing VM operation: RendezvousGCThreads
Event: 420.964 Executing VM operation: RendezvousGCThreads done
Event: 446.152 Executing VM operation: Cleanup
Event: 446.168 Executing VM operation: Cleanup done
Event: 447.173 Executing VM operation: Cleanup
Event: 447.173 Executing VM operation: Cleanup done
Event: 448.187 Executing VM operation: Cleanup
Event: 448.187 Executing VM operation: Cleanup done
Event: 460.286 Executing VM operation: Cleanup
Event: 460.286 Executing VM operation: Cleanup done
Event: 481.030 Executing VM operation: HandshakeAllThreads (HandshakeForDeflation)
Event: 481.031 Executing VM operation: HandshakeAllThreads (HandshakeForDeflation) done
Event: 481.031 Executing VM operation: RendezvousGCThreads
Event: 481.031 Executing VM operation: RendezvousGCThreads done
Event: 496.157 Executing VM operation: Cleanup
Event: 496.157 Executing VM operation: Cleanup done

Memory protections (0 events):
No events

Nmethod flushes (20 events):
Event: 112.800 Thread 0x00000181a68e0670 flushing  nmethod 0x0000018192eb7d90
Event: 112.800 Thread 0x00000181a68e0670 flushing  nmethod 0x0000018192ecbe90
Event: 112.800 Thread 0x00000181a68e0670 flushing  nmethod 0x0000018192ed4090
Event: 112.800 Thread 0x00000181a68e0670 flushing  nmethod 0x0000018192ef5d10
Event: 112.800 Thread 0x00000181a68e0670 flushing  nmethod 0x0000018192ef6b10
Event: 112.800 Thread 0x00000181a68e0670 flushing  nmethod 0x0000018192ef7c90
Event: 112.800 Thread 0x00000181a68e0670 flushing  nmethod 0x0000018192ef9a90
Event: 112.800 Thread 0x00000181a68e0670 flushing  nmethod 0x0000018192efb290
Event: 112.800 Thread 0x00000181a68e0670 flushing  nmethod 0x0000018192efba10
Event: 112.800 Thread 0x00000181a68e0670 flushing  nmethod 0x0000018192f1a490
Event: 112.800 Thread 0x00000181a68e0670 flushing  nmethod 0x0000018192f31410
Event: 112.800 Thread 0x00000181a68e0670 flushing  nmethod 0x0000018192f33990
Event: 112.800 Thread 0x00000181a68e0670 flushing  nmethod 0x0000018192f35a90
Event: 112.800 Thread 0x00000181a68e0670 flushing  nmethod 0x0000018192f43790
Event: 112.800 Thread 0x00000181a68e0670 flushing  nmethod 0x0000018192f4e590
Event: 112.800 Thread 0x00000181a68e0670 flushing  nmethod 0x0000018192f9e010
Event: 112.800 Thread 0x00000181a68e0670 flushing  nmethod 0x000001819302bd10
Event: 112.800 Thread 0x00000181a68e0670 flushing  nmethod 0x0000018193054210
Event: 112.800 Thread 0x00000181a68e0670 flushing  nmethod 0x0000018193112110
Event: 112.800 Thread 0x00000181a68e0670 flushing  nmethod 0x00000181931db090

Events (20 events):
Event: 459.607 Thread 0x000001818d0978d0 Thread added: 0x00000181ee51f950
Event: 459.720 Thread 0x000001818d0978d0 Thread added: 0x00000181ee8c0fa0
Event: 459.728 Thread 0x00000181ec814250 Thread added: 0x00000181ee880930
Event: 479.776 Thread 0x00000181ee51ffe0 Thread exited: 0x00000181ee51ffe0
Event: 479.981 Thread 0x00000181ec71e010 Thread exited: 0x00000181ec71e010
Event: 479.981 Thread 0x00000181ee51d880 Thread exited: 0x00000181ee51d880
Event: 491.897 Thread 0x00000181ec814250 Thread added: 0x00000181ee51ffe0
Event: 501.720 Thread 0x000001818d0978d0 Thread added: 0x00000181ee51d880
Event: 501.875 Thread 0x000001818d0978d0 Thread added: 0x00000181ec71e010
Event: 501.877 Thread 0x000001818d0978d0 Thread added: 0x00000181ee521070
Event: 501.877 Thread 0x000001818d0978d0 Thread added: 0x00000181ee522420
Event: 502.450 Thread 0x000001818d0978d0 Thread added: 0x00000181ee521700
Event: 502.471 Thread 0x00000181ee51d880 Thread added: 0x00000181ee522ab0
Event: 502.473 Thread 0x00000181ee51d880 Thread added: 0x00000181ee523140
Event: 507.184 Thread 0x00000181ed617bb0 Thread exited: 0x00000181ed617bb0
Event: 507.189 Thread 0x00000181ed616e90 Thread exited: 0x00000181ed616e90
Event: 507.205 Thread 0x00000181ed61a310 Thread exited: 0x00000181ed61a310
Event: 519.562 Thread 0x00000181ed61b030 Thread exited: 0x00000181ed61b030
Event: 519.562 Thread 0x00000181ec812180 Thread exited: 0x00000181ec812180
Event: 519.576 Thread 0x00000181ec8176d0 Thread exited: 0x00000181ec8176d0


Dynamic libraries:
0x00007ff7e2790000 - 0x00007ff7e279e000 	C:\Users\DELL\.p2\pool\plugins\org.eclipse.justj.openjdk.hotspot.jre.full.win32.x86_64_21.0.7.v20250502-0916\jre\bin\javaw.exe
0x00007ffc27160000 - 0x00007ffc273c7000 	C:\WINDOWS\SYSTEM32\ntdll.dll
0x00007ffbdc960000 - 0x00007ffbdc980000 	C:\Program Files\Avast Software\Avast\aswhook.dll
0x00007ffc26d60000 - 0x00007ffc26e29000 	C:\WINDOWS\System32\KERNEL32.DLL
0x00007ffc24af0000 - 0x00007ffc24ee0000 	C:\WINDOWS\System32\KERNELBASE.dll
0x00007ffc24510000 - 0x00007ffc2465b000 	C:\WINDOWS\System32\ucrtbase.dll
0x00007ffc018d0000 - 0x00007ffc018e8000 	C:\Users\DELL\.p2\pool\plugins\org.eclipse.justj.openjdk.hotspot.jre.full.win32.x86_64_21.0.7.v20250502-0916\jre\bin\jli.dll
0x00007ffc26e30000 - 0x00007ffc26ff5000 	C:\WINDOWS\System32\USER32.dll
0x00007ffc24ac0000 - 0x00007ffc24ae7000 	C:\WINDOWS\System32\win32u.dll
0x00007ffc265a0000 - 0x00007ffc265cb000 	C:\WINDOWS\System32\GDI32.dll
0x00007ffc24320000 - 0x00007ffc24458000 	C:\WINDOWS\System32\gdi32full.dll
0x00007ffc24460000 - 0x00007ffc24503000 	C:\WINDOWS\System32\msvcp_win.dll
0x00007ffc051d0000 - 0x00007ffc0546a000 	C:\WINDOWS\WinSxS\amd64_microsoft.windows.common-controls_6595b64144ccf1df_6.0.26100.4768_none_3e0c112ce331287c\COMCTL32.dll
0x00007ffc26bf0000 - 0x00007ffc26c99000 	C:\WINDOWS\System32\msvcrt.dll
0x00007ffbf1d70000 - 0x00007ffbf1d8e000 	C:\Users\DELL\.p2\pool\plugins\org.eclipse.justj.openjdk.hotspot.jre.full.win32.x86_64_21.0.7.v20250502-0916\jre\bin\VCRUNTIME140.dll
0x00007ffc27030000 - 0x00007ffc2705f000 	C:\WINDOWS\System32\IMM32.DLL
0x00007ffc07070000 - 0x00007ffc0707c000 	C:\Users\DELL\.p2\pool\plugins\org.eclipse.justj.openjdk.hotspot.jre.full.win32.x86_64_21.0.7.v20250502-0916\jre\bin\vcruntime140_1.dll
0x00007ffbdc090000 - 0x00007ffbdc11d000 	C:\Users\DELL\.p2\pool\plugins\org.eclipse.justj.openjdk.hotspot.jre.full.win32.x86_64_21.0.7.v20250502-0916\jre\bin\msvcp140.dll
0x00007ffba7f20000 - 0x00007ffba8cb0000 	C:\Users\DELL\.p2\pool\plugins\org.eclipse.justj.openjdk.hotspot.jre.full.win32.x86_64_21.0.7.v20250502-0916\jre\bin\server\jvm.dll
0x00007ffc26ca0000 - 0x00007ffc26d54000 	C:\WINDOWS\System32\ADVAPI32.dll
0x00007ffc25380000 - 0x00007ffc25426000 	C:\WINDOWS\System32\sechost.dll
0x00007ffc26480000 - 0x00007ffc26598000 	C:\WINDOWS\System32\RPCRT4.dll
0x00007ffc267c0000 - 0x00007ffc26834000 	C:\WINDOWS\System32\WS2_32.dll
0x00007ffc1c240000 - 0x00007ffc1c275000 	C:\WINDOWS\SYSTEM32\WINMM.dll
0x00007ffc10ce0000 - 0x00007ffc10ceb000 	C:\WINDOWS\SYSTEM32\VERSION.dll
0x00007ffc240f0000 - 0x00007ffc2414e000 	C:\WINDOWS\SYSTEM32\POWRPROF.dll
0x00007ffc240d0000 - 0x00007ffc240e4000 	C:\WINDOWS\SYSTEM32\UMPDC.dll
0x00007ffc23010000 - 0x00007ffc2302b000 	C:\WINDOWS\SYSTEM32\kernel.appcore.dll
0x00007ffc1f1e0000 - 0x00007ffc1f1ea000 	C:\Users\DELL\.p2\pool\plugins\org.eclipse.justj.openjdk.hotspot.jre.full.win32.x86_64_21.0.7.v20250502-0916\jre\bin\jimage.dll
0x00007ffc218e0000 - 0x00007ffc21b21000 	C:\WINDOWS\SYSTEM32\DBGHELP.DLL
0x00007ffc260f0000 - 0x00007ffc26475000 	C:\WINDOWS\System32\combase.dll
0x00007ffc26850000 - 0x00007ffc26930000 	C:\WINDOWS\System32\OLEAUT32.dll
0x00007ffc107b0000 - 0x00007ffc107f3000 	C:\WINDOWS\SYSTEM32\dbgcore.DLL
0x00007ffc24a20000 - 0x00007ffc24ab9000 	C:\WINDOWS\System32\bcryptPrimitives.dll
0x00007ffc11620000 - 0x00007ffc1163f000 	C:\Users\DELL\.p2\pool\plugins\org.eclipse.justj.openjdk.hotspot.jre.full.win32.x86_64_21.0.7.v20250502-0916\jre\bin\java.dll
0x00007ffc25750000 - 0x00007ffc25e9d000 	C:\WINDOWS\System32\SHELL32.dll
0x00007ffc248a0000 - 0x00007ffc24a13000 	C:\WINDOWS\System32\wintypes.dll
0x00007ffc21e90000 - 0x00007ffc226ef000 	C:\WINDOWS\SYSTEM32\windows.storage.dll
0x00007ffc26940000 - 0x00007ffc26a35000 	C:\WINDOWS\System32\SHCORE.dll
0x00007ffc26080000 - 0x00007ffc260ea000 	C:\WINDOWS\System32\shlwapi.dll
0x00007ffc241b0000 - 0x00007ffc241d9000 	C:\WINDOWS\SYSTEM32\profapi.dll
0x00007ffc06fb0000 - 0x00007ffc06fc8000 	C:\Users\DELL\.p2\pool\plugins\org.eclipse.justj.openjdk.hotspot.jre.full.win32.x86_64_21.0.7.v20250502-0916\jre\bin\zip.dll
0x00007ffc12720000 - 0x00007ffc12730000 	C:\Users\DELL\.p2\pool\plugins\org.eclipse.justj.openjdk.hotspot.jre.full.win32.x86_64_21.0.7.v20250502-0916\jre\bin\net.dll
0x00007ffc13280000 - 0x00007ffc1339e000 	C:\WINDOWS\SYSTEM32\WINHTTP.dll
0x00007ffc235a0000 - 0x00007ffc2360b000 	C:\WINDOWS\system32\mswsock.dll
0x00007ffc06d60000 - 0x00007ffc06d76000 	C:\Users\DELL\.p2\pool\plugins\org.eclipse.justj.openjdk.hotspot.jre.full.win32.x86_64_21.0.7.v20250502-0916\jre\bin\nio.dll
0x00007ffc22a60000 - 0x00007ffc22b86000 	C:\WINDOWS\SYSTEM32\DNSAPI.dll
0x00007ffc22a20000 - 0x00007ffc22a53000 	C:\WINDOWS\SYSTEM32\IPHLPAPI.DLL
0x00007ffc26be0000 - 0x00007ffc26bea000 	C:\WINDOWS\System32\NSI.dll
0x00007ffc120b0000 - 0x00007ffc120bb000 	C:\Windows\System32\rasadhlp.dll
0x00007ffc13b30000 - 0x00007ffc13bb6000 	C:\WINDOWS\System32\fwpuclnt.dll
0x00007ffc06c90000 - 0x00007ffc06c99000 	C:\Users\DELL\.p2\pool\plugins\org.eclipse.justj.openjdk.hotspot.jre.full.win32.x86_64_21.0.7.v20250502-0916\jre\bin\extnet.dll
0x00007ffc23870000 - 0x00007ffc2388b000 	C:\WINDOWS\SYSTEM32\CRYPTSP.dll
0x00007ffc22f70000 - 0x00007ffc22fab000 	C:\WINDOWS\system32\rsaenh.dll
0x00007ffc23640000 - 0x00007ffc2366b000 	C:\WINDOWS\SYSTEM32\USERENV.dll
0x00007ffc24180000 - 0x00007ffc241a6000 	C:\WINDOWS\SYSTEM32\bcrypt.dll
0x00007ffc23860000 - 0x00007ffc2386c000 	C:\WINDOWS\SYSTEM32\CRYPTBASE.dll
0x00007ffc12480000 - 0x00007ffc12490000 	C:\Users\DELL\.p2\pool\plugins\org.eclipse.justj.openjdk.hotspot.jre.full.win32.x86_64_21.0.7.v20250502-0916\jre\bin\verify.dll
0x00007ffc070e0000 - 0x00007ffc070ee000 	C:\Users\DELL\.p2\pool\plugins\org.eclipse.justj.openjdk.hotspot.jre.full.win32.x86_64_21.0.7.v20250502-0916\jre\bin\sunmscapi.dll
0x00007ffc24720000 - 0x00007ffc24897000 	C:\WINDOWS\System32\CRYPT32.dll
0x00007ffc23a00000 - 0x00007ffc23a30000 	C:\WINDOWS\SYSTEM32\ncrypt.dll
0x00007ffc239b0000 - 0x00007ffc239ef000 	C:\WINDOWS\SYSTEM32\NTASN1.dll
0x00007ffb6db10000 - 0x00007ffb6db18000 	C:\WINDOWS\system32\wshunix.dll

dbghelp: loaded successfully - version: 4.0.5 - missing functions: none
symbol engine: initialized successfully - sym options: 0x614 - pdb path: .;C:\Users\DELL\.p2\pool\plugins\org.eclipse.justj.openjdk.hotspot.jre.full.win32.x86_64_21.0.7.v20250502-0916\jre\bin;C:\WINDOWS\SYSTEM32;C:\Program Files\Avast Software\Avast;C:\WINDOWS\WinSxS\amd64_microsoft.windows.common-controls_6595b64144ccf1df_6.0.26100.4768_none_3e0c112ce331287c;C:\Users\DELL\.p2\pool\plugins\org.eclipse.justj.openjdk.hotspot.jre.full.win32.x86_64_21.0.7.v20250502-0916\jre\bin\server

VM Arguments:
jvm_args: -ea -Dfile.encoding=UTF-8 -Dstdout.encoding=UTF-8 -Dstderr.encoding=UTF-8 -XX:+ShowCodeDetailsInExceptionMessages 
java_command: org.testng.remote.RemoteTestNG -serport 11773 -protocol json -d D:\New_Script\Sprint-2\Sprint_2\test-output C:\Users\DELL\AppData\Local\Temp\testng-eclipse--1848944290\testng-customsuite.xml
java_class_path (initial): C:\Users\DELL\eclipse\java-2025-06\eclipse\configuration\org.eclipse.osgi\532\0\.cp\lib\testng-remote.jar;D:\New_Script\Sprint-2\Sprint_2\target\test-classes;D:\New_Script\Sprint-2\Sprint_2\target\classes;C:\Users\DELL\.m2\repository\org\seleniumhq\selenium\selenium-java\4.22.0\selenium-java-4.22.0.jar;C:\Users\DELL\.m2\repository\org\seleniumhq\selenium\selenium-api\4.22.0\selenium-api-4.22.0.jar;C:\Users\DELL\.m2\repository\org\seleniumhq\selenium\selenium-chrome-driver\4.22.0\selenium-chrome-driver-4.22.0.jar;C:\Users\DELL\.m2\repository\com\google\auto\service\auto-service-annotations\1.1.1\auto-service-annotations-1.1.1.jar;C:\Users\DELL\.m2\repository\org\seleniumhq\selenium\selenium-chromium-driver\4.22.0\selenium-chromium-driver-4.22.0.jar;C:\Users\DELL\.m2\repository\org\seleniumhq\selenium\selenium-json\4.22.0\selenium-json-4.22.0.jar;C:\Users\DELL\.m2\repository\org\seleniumhq\selenium\selenium-manager\4.22.0\selenium-manager-4.22.0.jar;C:\Users\DELL\.m2\repository\org\seleniumhq\selenium\selenium-devtools-v124\4.22.0\selenium-devtools-v124-4.22.0.jar;C:\Users\DELL\.m2\repository\org\seleniumhq\selenium\selenium-devtools-v125\4.22.0\selenium-devtools-v125-4.22.0.jar;C:\Users\DELL\.m2\repository\org\seleniumhq\selenium\selenium-devtools-v126\4.22.0\selenium-devtools-v126-4.22.0.jar;C:\Users\DELL\.m2\repository\org\seleniumhq\selenium\selenium-devtools-v85\4.22.0\selenium-devtools-v85-4.22.0.jar;C:\Users\DELL\.m2\repository\org\seleniumhq\selenium\selenium-edge-driver\4.22.0\selenium-edge-driver-4.22.0.jar;C:\Users\DELL\.m2\repository\org\seleniumhq\selenium\selenium-firefox-driver\4.22.0\selenium-firefox-driver-4.22.0.jar;C:\Users\DELL\.m2\repository\org\seleniumhq\selenium\selenium-http\4.22.0\selenium-http-4.22.0.jar;C:\Users\DELL\.m2\repository\dev\failsafe\failsafe\3.3.2\failsafe-3.3.2.jar;C:\Users\DELL\.m2\repository\org\seleniumhq\selenium\selenium-ie-driver\4.22.0\selenium-ie-driver-4.22.0.jar;C:\Users\DELL\.m2\repository\org\seleniumhq\selenium\selenium-remote-driver\4.22.0\selenium-remote-driver-4.22.0.jar;C:\Users\DELL\.m2\repository\io\opentelemetry\semconv\opentelemetry-semconv\1.25.0-alpha\opentelemetry-semconv-1.25.0-alpha.jar;C:\Users\DELL\.m2\repository\io\opentelemetry\opentelemetry-api\1.39.0\opentelemetry-api-1.39.0.jar;C:\Users\DELL\.m2\repository\io\opentelemetry\opentelemetry-context\1.39.0\opentelemetry-context-1.39.0.jar;C:\Users\DELL\.m2\repository\io\opentelemetry\opentelemetry-exporter-logging\1.39.0\opentelemetry-exporter-logging-1.39.0.jar;C:\Users\DELL\.m2\repository\io\opentelemetry\opentelemetry-sdk-common\1.39.0\opentelemetry-sdk-common-1.39.0.jar;C:\Users\DELL\.m2\repository\io\opentelemetry\opentelemetry-sdk-extension-autoconfigure-spi\1.39.0\opentelemetry-sdk-extension-autoconfigure-spi-1.39.0.jar;C:\Users\DELL\.m2\repository\io\opentelemetry\opentelemetry-sdk-extension-autoconfigure\1.39.0\opentelemetry-sdk-extension-autoconfigure-1.39.0.jar;C:\Users\DELL\.m2\repository\io\opentelemetry\opentelemetry-api-incubator\1.39.0-alpha\opentelemetry-api-incubator-1.39.0-alpha.jar;C:\Users\DELL\.m2\repository\io\opentelemetry\opentelemetry-sdk-trace\1.39.0\opentelemetry-sdk-trace-1.39.0.jar;C:\Users\DELL\.m2\repository\io\opentelemetry\opentelemetry-sdk\1.39.0\opentelemetry-sdk-1.39.0.jar;C:\Users\DELL\.m2\repository\io\opentelemetry\opentelemetry-sdk-metrics\1.39.0\opentelemetry-sdk-metrics-1.39.0.jar;C:\Users\DELL\.m2\repository\io\opentelemetry\opentelemetry-sdk-logs\1.39.0\opentelemetry-sdk-logs-1.39.0.jar;C:\Users\DELL\.m2\repository\org\seleniumhq\selenium\selenium-os\4.22.0\selenium-os-4.22.0.jar;C:\Users\DELL\.m2\repository\org\apache\commons\commons-exec\1.4.0\commons-exec-1.4.0.jar;C:\Users\DELL\.m2\repository\org\seleniumhq\selenium\selenium-safari-driver\4.22.0\selenium-safari-driver-4.22.0.jar;C:\Users\DELL\.m2\repository\org\seleniumhq\selenium\selenium-support\4.22.0\selenium-support-4.22.0.jar;C:\Users\DELL\.m2\repository\io\github\bonigarcia\webdrivermanager\5.8.0\webdrivermanager-5.8.0.jar;C:\Users\DELL\.m2\repository\com\google\code\gson\gson\2.10.1\gson-2.10.1.jar;C:\Users\DELL\.m2\repository\com\github\docker-java\docker-java\3.3.6\docker-java-3.3.6.jar;C:\Users\DELL\.m2\repository\com\github\docker-java\docker-java-core\3.3.6\docker-java-core-3.3.6.jar;C:\Users\DELL\.m2\repository\com\github\docker-java\docker-java-api\3.3.6\docker-java-api-3.3.6.jar;C:\Users\DELL\.m2\repository\org\bouncycastle\bcpkix-jdk18on\1.76\bcpkix-jdk18on-1.76.jar;C:\Users\DELL\.m2\repository\org\bouncycastle\bcprov-jdk18on\1.76\bcprov-jdk18on-1.76.jar;C:\Users\DELL\.m2\repository\org\bouncycastle\bcutil-jdk18on\1.76\bcutil-jdk18on-1.76.jar;C:\Users\DELL\.m2\repository\org\slf4j\jcl-over-slf4j\1.7.30\jcl-over-slf4j-1.7.30.jar;C:\Users\DELL\.m2\repository\com\github\docker-java\docker-java-transport-httpclient5\3.3.6\docker-java-transport-httpclient5-3.3.6.jar;C:\Users\DELL\.m2\repository\com\github\docker-java\docker-java-transport\3.3.6\docker-java-transport-3.3.6.jar;C:\Users\DELL\.m2\repository\net\java\dev\jna\jna\5.13.0\jna-5.13.0.jar;C:\Users\DELL\.m2\repository\org\brotli\dec\0.1.2\dec-0.1.2.jar;C:\Users\DELL\.m2\repository\org\apache\commons\commons-lang3\3.14.0\commons-lang3-3.14.0.jar;C:\Users\DELL\.m2\repository\org\apache\commons\commons-compress\1.26.1\commons-compress-1.26.1.jar;C:\Users\DELL\.m2\repository\org\apache\httpcomponents\client5\httpclient5\5.2.1\httpclient5-5.2.1.jar;C:\Users\DELL\.m2\repository\org\apache\httpcomponents\core5\httpcore5\5.2\httpcore5-5.2.jar;C:\Users\DELL\.m2\repository\org\apache\httpcomponents\core5\httpcore5-h2\5.2\httpcore5-h2-5.2.jar;C:\Users\DELL\.m2\repository\io\cucumber\cucumber-java\7.15.0\cucumber-java-7.15.0.jar;C:\Users\DELL\.m2\repository\org\apiguardian\apiguardian-api\1.1.2\apiguardian-api-1.1.2.jar;C:\Users\DELL\.m2\repository\io\cucumber\cucumber-junit\7.15.0\cucumber-junit-7.15.0.jar;C:\Users\DELL\.m2\repository\io\cucumber\cucumber-core\7.15.0\cucumber-core-7.15.0.jar;C:\Users\DELL\.m2\repository\io\cucumber\cucumber-gherkin\7.15.0\cucumber-gherkin-7.15.0.jar;C:\Users\DELL\.m2\repository\io\cucumber\cucumber-gherkin-messages\7.15.0\cucumber-gherkin-messages-7.15.0.jar;C:\Users\DELL\.m2\repository\io\cucumber\gherkin\26.2.0\gherkin-26.2.0.jar;C:\Users\DELL\.m2\repository\io\cucumber\messages\22.0.0\messages-22.0.0.jar;C:\Users\DELL\.m2\repository\io\cucumber\tag-expressions\6.0.0\tag-expressions-6.0.0.jar;C:\Users\DELL\.m2\repository\io\cucumber\cucumber-expressions\17.0.1\cucumber-expressions-17.0.1.jar;C:\Users\DELL\.m2\repository\io\cucumber\datatable\7.15.0\datatable-7.15.0.jar;C:\Users\DELL\.m2\repository\io\cucumber\cucumber-plugin\7.15.0\cucumber-plugin-7.15.0.jar;C:\Users\DELL\.m2\repository\io\cucumber\docstring\7.15.0\docstring-7.15.0.jar;C:\Users\DELL\.m2\repository\io\cucumber\html-formatter\20.4.0\html-formatter-20.4.0.jar;C:\Users\DELL\.m2\repository\io\cucumber\junit-xml-formatter\0.2.0\junit-xml-formatter-0.2.0.jar;C:\Users\DELL\.m2\repository\io\cucumber\ci-environment\10.0.0\ci-environment-10.0.0.jar;C:\Users\DELL\.m2\repository\junit\junit\4.13.2\junit-4.13.2.jar;C:\Users\DELL\.m2\repository\org\hamcrest\hamcrest-core\1.3\hamcrest-core-1.3.jar;C:\Users\DELL\.m2\repository\org\apache\poi\poi\5.2.5\poi-5.2.5.jar;C:\Users\DELL\.m2\repository\commons-codec\commons-codec\1.16.0\commons-codec-1.16.0.jar;C:\Users\DELL\.m2\repository\org\apache\commons\commons-collections4\4.4\commons-collections4-4.4.jar;C:\Users\DELL\.m2\repository\org\apache\commons\commons-math3\3.6.1\commons-math3-3.6.1.jar;C:\Users\DELL\.m2\repository\commons-io\commons-io\2.15.0\commons-io-2.15.0.jar;C:\Users\DELL\.m2\repository\com\zaxxer\SparseBitSet\1.3\SparseBitSet-1.3.jar;C:\Users\DELL\.m2\repository\org\apache\logging\log4j\log4j-api\2.21.1\log4j-api-2.21.1.jar;C:\Users\DELL\.m2\repository\org\apache\poi\poi-ooxml\5.2.5\poi-ooxml-5.2.5.jar;C:\Users\DELL\.m2\repository\org\apache\poi\poi-ooxml-lite\5.2.5\poi-ooxml-lite-5.2.5.jar;C:\Users\DELL\.m2\repository\org\apache\xmlbeans\xmlbeans\5.2.0\xmlbeans-5.2.0.jar;C:\Users\DELL\.m2\repository\com\github\virtuald\curvesapi\1.08\curvesapi-1.08.jar;C:\Users\DELL\.m2\repository\org\slf4j\slf4j-api\2.0.13\slf4j-api-2.0.13.jar;C:\Users\DELL\.m2\repository\ch\qos\logback\logback-classic\1.4.14\logback-classic-1.4.14.jar;C:\Users\DELL\.m2\repository\ch\qos\logback\logback-core\1.4.14\logback-core-1.4.14.jar;C:\Users\DELL\.m2\repository\net\masterthought\cucumber-reporting\5.7.0\cucumber-reporting-5.7.0.jar;C:\Users\DELL\.m2\repository\com\fasterxml\jackson\datatype\jackson-datatype-jsr310\2.13.0\jackson-datatype-jsr310-2.13.0.jar;C:\Users\DELL\.m2\repository\org\apache\velocity\velocity-engine-core\2.3\velocity-engine-core-2.3.jar;C:\Users\DELL\.m2\repository\commons-collections\commons-collections\3.2.2\commons-collections-3.2.2.jar;C:\Users\DELL\.m2\repository\joda-time\joda-time\2.10.10\joda-time-2.10.10.jar;C:\Users\DELL\.m2\repository\org\codehaus\plexus\plexus-utils\3.3.0\plexus-utils-3.3.0.jar;C:\Users\DELL\.m2\repository\org\jsoup\jsoup\1.14.2\jsoup-1.14.2.jar;C:\Users\DELL\.m2\repository\com\google\guava\guava\30.1.1-jre\guava-30.1.1-jre.jar;C:\Users\DELL\.m2\repository\com\google\guava\failureaccess\1.0.1\failureaccess-1.0.1.jar;C:\Users\DELL\.m2\repository\com\google\guava\listenablefuture\9999.0-empty-to-avoid-conflict-with-guava\listenablefuture-9999.0-empty-to-avoid-conflict-with-guava.jar;C:\Users\DELL\.m2\repository\com\google\code\findbugs\jsr305\3.0.2\jsr305-3.0.2.jar;C:\Users\DELL\.m2\repository\org\checkerframework\checker-qual\3.8.0\checker-qual-3.8.0.jar;C:\Users\DELL\.m2\repository\com\google\errorprone\error_prone_annotations\2.5.1\error_prone_annotations-2.5.1.jar;C:\Users\DELL\.m2\repository\com\google\j2objc\j2objc-annotations\1.3\j2objc-annotations-1.3.jar;C:\Users\DELL\.m2\repository\com\googlecode\owasp-java-html-sanitizer\owasp-java-html-sanitizer\20211018.2\owasp-java-html-sanitizer-20211018.2.jar;C:\Users\DELL\.m2\repository\commons-configuration\commons-configuration\1.10\commons-configuration-1.10.jar;C:\Users\DELL\.m2\repository\commons-lang\commons-lang\2.6\commons-lang-2.6.jar;C:\Users\DELL\.m2\repository\commons-logging\commons-logging\1.1.1\commons-logging-1.1.1.jar;C:\Users\DELL\.m2\repository\com\fasterxml\jackson\core\jackson-databind\2.17.0\jackson-databind-2.17.0.jar;C:\Users\DELL\.m2\repository\com\fasterxml\jackson\core\jackson-annotations\2.17.0\jackson-annotations-2.17.0.jar;C:\Users\DELL\.m2\repository\com\fasterxml\jackson\core\jackson-core\2.17.0\jackson-core-2.17.0.jar;C:\Users\DELL\.m2\repository\net\bytebuddy\byte-buddy\1.14.9\byte-buddy-1.14.9.jar;C:\Users\DELL\.m2\repository\io\cucumber\cucumber-testng\7.14.0\cucumber-testng-7.14.0.jar;C:\Users\DELL\.m2\repository\org\testng\testng\7.8.0\testng-7.8.0.jar;C:\Users\DELL\.m2\repository\com\beust\jcommander\1.82\jcommander-1.82.jar;C:\Users\DELL\.m2\repository\org\webjars\jquery\3.6.1\jquery-3.6.1.jar;C:\Users\DELL\.m2\repository\com\aventstack\extentreports\5.0.9\extentreports-5.0.9.jar;C:\Users\DELL\.m2\repository\io\reactivex\rxjava3\rxjava\3.0.4\rxjava-3.0.4.jar;C:\Users\DELL\.m2\repository\org\reactivestreams\reactive-streams\1.0.3\reactive-streams-1.0.3.jar;C:\Users\DELL\.m2\repository\org\freemarker\freemarker\2.3.30\freemarker-2.3.30.jar;C:\Users\DELL\.m2\repository\org\projectlombok\lombok\1.18.12\lombok-1.18.12.jar;C:\Users\DELL\.m2\repository\tech\grasshopper\extentreports-cucumber7-adapter\1.7.0\extentreports-cucumber7-adapter-1.7.0.jar;C:\Users\DELL\.m2\repository\tech\grasshopper\extent-pdf-report\2.7.0\extent-pdf-report-2.7.0.jar;C:\Users\DELL\.m2\repository\tech\grasshopper\cucumber-pdf-report\2.10.0\cucumber-pdf-report-2.10.0.jar;C:\Users\DELL\.m2\repository\org\apache\pdfbox\pdfbox\2.0.26\pdfbox-2.0.26.jar;C:\Users\DELL\.m2\repository\org\apache\pdfbox\fontbox\2.0.26\fontbox-2.0.26.jar;C:\Users\DELL\.m2\repository\org\knowm\xchart\xchart\3.8.0\xchart-3.8.0.jar;C:\Users\DELL\.m2\repository\de\erichseifert\vectorgraphics2d\VectorGraphics2D\0.13\VectorGraphics2D-0.13.jar;C:\Users\DELL\.m2\repository\de\rototor\pdfbox\graphics2d\0.30\graphics2d-0.30.jar;C:\Users\DELL\.m2\repository\com\madgag\animated-gif-lib\1.4\animated-gif-lib-1.4.jar;C:\Users\DELL\.m2\repository\org\yaml\snakeyaml\1.28\snakeyaml-1.28.jar;C:\Users\DELL\.m2\repository\tech\grasshopper\table-layout\1.5.1\table-layout-1.5.1.jar;C:\Users\DELL\.m2\repository\tech\grasshopper\rest-assured-cucumber-pdf-report\1.4.1\rest-assured-cucumber-pdf-report-1.4.1.jar;C:\Users\DELL\.m2\repository\com\aventstack\klov-reporter\5.0.9\klov-reporter-5.0.9.jar;C:\Users\DELL\.m2\repository\org\mongodb\mongodb-driver\3.6.4\mongodb-driver-3.6.4.jar;C:\Users\DELL\.m2\repository\org\mongodb\mongodb-driver-core\3.6.4\mongodb-driver-core-3.6.4.jar;C:\Users\DELL\.m2\repository\org\mongodb\bson\3.6.4\bson-3.6.4.jar;C:\Users\DELL\.m2\repository\org\apache\httpcomponents\httpclient\4.5.13\httpclient-4.5.13.jar;C:\Users\DELL\.m2\repository\org\apache\httpcomponents\httpcore\4.4.13\httpcore-4.4.13.jar;C:\Users\DELL\.m2\repository\org\apache\httpcomponents\httpmime\4.5.13\httpmime-4.5.13.jar;C:\Users\DELL\.m2\repository\tech\grasshopper\htmlextentreporter\1.0.1\htmlextentreporter-1.0.1.jar
Launcher Type: SUN_STANDARD

[Global flags]
     intx CICompilerCount                          = 3                                         {product} {ergonomic}
     uint ConcGCThreads                            = 1                                         {product} {ergonomic}
     uint G1ConcRefinementThreads                  = 4                                         {product} {ergonomic}
   size_t G1HeapRegionSize                         = 1048576                                   {product} {ergonomic}
    uintx GCDrainStackTargetSize                   = 64                                        {product} {ergonomic}
   size_t InitialHeapSize                          = 130023424                                 {product} {ergonomic}
   size_t MarkStackSize                            = 4194304                                   {product} {ergonomic}
   size_t MaxHeapSize                              = 2076180480                                {product} {ergonomic}
   size_t MaxNewSize                               = 1245708288                                {product} {ergonomic}
   size_t MinHeapDeltaBytes                        = 1048576                                   {product} {ergonomic}
   size_t MinHeapSize                              = 8388608                                   {product} {ergonomic}
    uintx NonNMethodCodeHeapSize                   = 5832780                                {pd product} {ergonomic}
    uintx NonProfiledCodeHeapSize                  = 122912730                              {pd product} {ergonomic}
    uintx ProfiledCodeHeapSize                     = 122912730                              {pd product} {ergonomic}
    uintx ReservedCodeCacheSize                    = 251658240                              {pd product} {ergonomic}
     bool SegmentedCodeCache                       = true                                      {product} {ergonomic}
     bool ShowCodeDetailsInExceptionMessages       = true                                   {manageable} {command line}
   size_t SoftMaxHeapSize                          = 2076180480                             {manageable} {ergonomic}
     bool UseCompressedOops                        = true                           {product lp64_product} {ergonomic}
     bool UseG1GC                                  = true                                      {product} {ergonomic}
     bool UseLargePagesIndividualAllocation        = false                                  {pd product} {ergonomic}

Logging:
Log output configuration:
 #0: stdout all=warning uptime,level,tags foldmultilines=false
 #1: stderr all=off uptime,level,tags foldmultilines=false

Environment Variables:
JAVA_HOME=C:\Program Files\Java\jdk1.8.0_281
PATH=C:/Users/DELL/.p2/pool/plugins/org.eclipse.justj.openjdk.hotspot.jre.full.win32.x86_64_21.0.7.v20250502-0916/jre/bin/server;C:/Users/DELL/.p2/pool/plugins/org.eclipse.justj.openjdk.hotspot.jre.full.win32.x86_64_21.0.7.v20250502-0916/jre/bin;C:\Program Files\Eclipse Adoptium\jdk-21.0.7.6-hotspot\bin;C:\Program Files (x86)\Common Files\Oracle\Java\javapath;C:\Program Files\Common Files\Oracle\Java\javapath;C:\WINDOWS\system32;C:\WINDOWS;C:\WINDOWS\System32\Wbem;C:\WINDOWS\System32\WindowsPowerShell\v1.0\;C:\WINDOWS\System32\OpenSSH\;C:\ProgramData\chocolatey\bin;C:\Program Files\Java\jdk1.8.0_281\bin;C:\Program Files\nodejs\;C:\Program Files\Git\cmd;C:\Program Files\MySQL\MySQL Shell 8.0\bin\;C:\Users\DELL\AppData\Local\Programs\Python\Python312\Scripts\;C:\Users\DELL\AppData\Local\Programs\Python\Python312\;C:\Users\DELL\AppData\Local\Programs\Python\Python310\Scripts\;C:\Users\DELL\AppData\Local\Programs\Python\Python310\;C:\Users\DELL\AppData\Local\Microsoft\WindowsApps;C:\Users\DELL\AppData\Local\Programs\Microsoft VS Code\bin;;C:\Program Files\JetBrains\IntelliJ IDEA Community Edition 2023.2\bin;;C:\Program Files\JetBrains\PyCharm Community Edition 2024.1.4\bin;;C:\Users\DELL\AppData\Roaming\npm;C:\Users\DELL\OneDrive\Desktop;
USERNAME=DELL
OS=Windows_NT
PROCESSOR_IDENTIFIER=Intel64 Family 6 Model 140 Stepping 1, GenuineIntel
TMP=C:\Users\DELL\AppData\Local\Temp
TEMP=C:\Users\DELL\AppData\Local\Temp




Periodic native trim disabled

---------------  S Y S T E M  ---------------

OS:
 Windows 11 , 64 bit Build 26100 (10.0.26100.4768)
OS uptime: 2 days 16:15 hours

CPU: total 4 (initial active 4) (2 cores per cpu, 2 threads per core) family 6 model 140 stepping 1 microcode 0xbc, cx8, cmov, fxsr, ht, mmx, 3dnowpref, sse, sse2, sse3, ssse3, sse4.1, sse4.2, popcnt, lzcnt, tsc, tscinvbit, avx, avx2, aes, erms, clmul, bmi1, bmi2, adx, avx512f, avx512dq, avx512cd, avx512bw, avx512vl, sha, fma, vzeroupper, avx512_vpopcntdq, avx512_vpclmulqdq, avx512_vaes, avx512_vnni, clflush, clflushopt, clwb, avx512_vbmi2, avx512_vbmi, rdtscp, rdpid, fsrm, gfni, avx512_bitalg, f16c, pku, cet_ibt, cet_ss, avx512_ifma
Processor Information for the first 4 processors :
  Max Mhz: 2995, Current Mhz: 2995, Mhz Limit: 2995

Memory: 4k page, system-wide physical 7918M (444M free)
TotalPageFile size 29962M (AvailPageFile size 4M)
current process WorkingSet (physical memory assigned to process): 34M, peak: 166M
current process commit charge ("private bytes"): 316M, peak: 320M

vm_info: OpenJDK 64-Bit Server VM (21.0.7+6-LTS) for windows-amd64 JRE (21.0.7+6-LTS), built on 2025-04-15T00:00:00Z by "admin" with MS VC++ 17.7 (VS2022)

END.
